;  LST file generated by mikroListExporter - v.2.0 
; Date/Time: 5/21/2016 2:43:46 PM
;----------------------------------------------

;Address Opcode 	ASM
0x0000	0x2A7C      	GOTO       636
_delay3ms:
;receiver.c,109 :: 		void delay3ms(){
;receiver.c,110 :: 		counter=0;
0x0003	0x1283      	BCF        STATUS, 5
0x0004	0x1303      	BCF        STATUS, 6
0x0005	0x01A8      	CLRF       _counter
0x0006	0x01A9      	CLRF       _counter+1
;receiver.c,111 :: 		TMR0=0;
0x0007	0x0181      	CLRF       TMR0
;receiver.c,112 :: 		OPTION_REG=0xd2;
0x0008	0x30D2      	MOVLW      210
0x0009	0x1683      	BSF        STATUS, 5
0x000A	0x0081      	MOVWF      OPTION_REG
;receiver.c,113 :: 		INTCON=0x00;
0x000B	0x018B      	CLRF       INTCON
;receiver.c,114 :: 		TMR0IE_bit=1;
0x000C	0x168B      	BSF        TMR0IE_bit, 5
;receiver.c,115 :: 		TMR0IF_bit=0;
0x000D	0x110B      	BCF        TMR0IF_bit, 2
;receiver.c,116 :: 		while(1){
L_delay3ms34:
;receiver.c,117 :: 		if(TMR0IF_bit){
0x000E	0x1D0B      	BTFSS      TMR0IF_bit, 2
0x000F	0x2815      	GOTO       L_delay3ms36
;receiver.c,118 :: 		counter++;
0x0010	0x1283      	BCF        STATUS, 5
0x0011	0x0AA8      	INCF       _counter, 1
0x0012	0x1903      	BTFSC      STATUS, 2
0x0013	0x0AA9      	INCF       _counter+1, 1
;receiver.c,119 :: 		TMR0IF_bit=0;
0x0014	0x110B      	BCF        TMR0IF_bit, 2
;receiver.c,120 :: 		}
L_delay3ms36:
0x0015	0x1283      	BCF        STATUS, 5
;receiver.c,121 :: 		if(counter==93)break;
0x0016	0x3000      	MOVLW      0
0x0017	0x0629      	XORWF      _counter+1, 0
0x0018	0x1D03      	BTFSS      STATUS, 2
0x0019	0x281C      	GOTO       L__delay3ms97
0x001A	0x305D      	MOVLW      93
0x001B	0x0628      	XORWF      _counter, 0
L__delay3ms97:
0x001C	0x1D03      	BTFSS      STATUS, 2
0x001D	0x281F      	GOTO       L_delay3ms37
0x001E	0x2820      	GOTO       L_delay3ms35
L_delay3ms37:
;receiver.c,122 :: 		}
0x001F	0x280E      	GOTO       L_delay3ms34
L_delay3ms35:
;receiver.c,125 :: 		}
L_end_delay3ms:
0x0020	0x0008      	RETURN
; end of _delay3ms
_Div_16x16_S_L:
;__Lib_Math.c,420 :: 		
;__Lib_Math.c,426 :: 		
0x0021	0x0D71      	RLF        R1, 0
;__Lib_Math.c,427 :: 		
0x0022	0x0DF8      	RLF        R8, 1
;__Lib_Math.c,428 :: 		
0x0023	0x0DF9      	RLF        R9, 1
;__Lib_Math.c,429 :: 		
0x0024	0x0874      	MOVF       R4, 0
;__Lib_Math.c,430 :: 		
0x0025	0x02F8      	SUBWF      R8, 1
;__Lib_Math.c,431 :: 		
0x0026	0x0875      	MOVF       R5, 0
;__Lib_Math.c,432 :: 		
0x0027	0x1C03      	BTFSS      STATUS, 0
;__Lib_Math.c,433 :: 		
0x0028	0x0F75      	INCFSZ     R5, 0
;__Lib_Math.c,434 :: 		
0x0029	0x02F9      	SUBWF      R9, 1
;__Lib_Math.c,435 :: 		
0x002A	0x0DF0      	RLF        R0, 1
;__Lib_Math.c,436 :: 		
0x002B	0x0DF1      	RLF        R1, 1
;__Lib_Math.c,438 :: 		
0x002C	0x300F      	MOVLW      15
;__Lib_Math.c,439 :: 		
0x002D	0x00FC      	MOVWF      R12
;__Lib_Math.c,441 :: 		
0x002E	0x0D71      	RLF        R1, 0
;__Lib_Math.c,442 :: 		
0x002F	0x0DF8      	RLF        R8, 1
;__Lib_Math.c,443 :: 		
0x0030	0x0DF9      	RLF        R9, 1
;__Lib_Math.c,444 :: 		
0x0031	0x0874      	MOVF       R4, 0
;__Lib_Math.c,446 :: 		
0x0032	0x1C70      	BTFSS      R0, 0
;__Lib_Math.c,447 :: 		
0x0033	0x283A      	GOTO       $+7
;__Lib_Math.c,448 :: 		
0x0034	0x02F8      	SUBWF      R8, 1
;__Lib_Math.c,449 :: 		
0x0035	0x0875      	MOVF       R5, 0
;__Lib_Math.c,450 :: 		
0x0036	0x1C03      	BTFSS      STATUS, 0
;__Lib_Math.c,451 :: 		
0x0037	0x0F75      	INCFSZ     R5, 0
;__Lib_Math.c,452 :: 		
0x0038	0x02F9      	SUBWF      R9, 1
;__Lib_Math.c,453 :: 		
0x0039	0x283F      	GOTO       $+6
;__Lib_Math.c,455 :: 		
0x003A	0x07F8      	ADDWF      R8, 1
;__Lib_Math.c,456 :: 		
0x003B	0x0875      	MOVF       R5, 0
;__Lib_Math.c,457 :: 		
0x003C	0x1803      	BTFSC      STATUS, 0
;__Lib_Math.c,458 :: 		
0x003D	0x0F75      	INCFSZ     R5, 0
;__Lib_Math.c,459 :: 		
0x003E	0x07F9      	ADDWF      R9, 1
;__Lib_Math.c,461 :: 		
0x003F	0x0DF0      	RLF        R0, 1
;__Lib_Math.c,462 :: 		
0x0040	0x0DF1      	RLF        R1, 1
;__Lib_Math.c,464 :: 		
0x0041	0x0BFC      	DECFSZ     R12, 1
;__Lib_Math.c,465 :: 		
0x0042	0x282E      	GOTO       $-20
;__Lib_Math.c,467 :: 		
0x0043	0x1870      	BTFSC      R0, 0
;__Lib_Math.c,468 :: 		
0x0044	0x284B      	GOTO       $+7
;__Lib_Math.c,469 :: 		
0x0045	0x0874      	MOVF       R4, 0
;__Lib_Math.c,470 :: 		
0x0046	0x07F8      	ADDWF      R8, 1
;__Lib_Math.c,471 :: 		
0x0047	0x0875      	MOVF       R5, 0
;__Lib_Math.c,472 :: 		
0x0048	0x1803      	BTFSC      STATUS, 0
;__Lib_Math.c,473 :: 		
0x0049	0x0F75      	INCFSZ     R5, 0
;__Lib_Math.c,474 :: 		
0x004A	0x07F9      	ADDWF      R9, 1
;__Lib_Math.c,475 :: 		
0x004B	0x0000      	NOP
;__Lib_Math.c,477 :: 		
L_end_Div_16x16_S_L:
0x004C	0x0008      	RETURN
; end of _Div_16x16_S_L
_delay725us:
;receiver.c,144 :: 		void delay725us(){
;receiver.c,145 :: 		counter=0;
0x004D	0x1283      	BCF        STATUS, 5
0x004E	0x1303      	BCF        STATUS, 6
0x004F	0x01A8      	CLRF       _counter
0x0050	0x01A9      	CLRF       _counter+1
;receiver.c,146 :: 		TMR0=0;
0x0051	0x0181      	CLRF       TMR0
;receiver.c,147 :: 		OPTION_REG=0xd2;
0x0052	0x30D2      	MOVLW      210
0x0053	0x1683      	BSF        STATUS, 5
0x0054	0x0081      	MOVWF      OPTION_REG
;receiver.c,148 :: 		INTCON=0x00;
0x0055	0x018B      	CLRF       INTCON
;receiver.c,149 :: 		TMR0IE_bit=1;
0x0056	0x168B      	BSF        TMR0IE_bit, 5
;receiver.c,150 :: 		while(1){
L_delay725us42:
;receiver.c,151 :: 		if(TMR0IF_bit){
0x0057	0x1D0B      	BTFSS      TMR0IF_bit, 2
0x0058	0x285E      	GOTO       L_delay725us44
;receiver.c,152 :: 		counter++;
0x0059	0x1283      	BCF        STATUS, 5
0x005A	0x0AA8      	INCF       _counter, 1
0x005B	0x1903      	BTFSC      STATUS, 2
0x005C	0x0AA9      	INCF       _counter+1, 1
;receiver.c,153 :: 		TMR0IF_bit=0;
0x005D	0x110B      	BCF        TMR0IF_bit, 2
;receiver.c,154 :: 		}
L_delay725us44:
0x005E	0x1283      	BCF        STATUS, 5
;receiver.c,155 :: 		if(counter==23)break;
0x005F	0x3000      	MOVLW      0
0x0060	0x0629      	XORWF      _counter+1, 0
0x0061	0x1D03      	BTFSS      STATUS, 2
0x0062	0x2865      	GOTO       L__delay725us101
0x0063	0x3017      	MOVLW      23
0x0064	0x0628      	XORWF      _counter, 0
L__delay725us101:
0x0065	0x1D03      	BTFSS      STATUS, 2
0x0066	0x2868      	GOTO       L_delay725us45
0x0067	0x2869      	GOTO       L_delay725us43
L_delay725us45:
;receiver.c,156 :: 		}
0x0068	0x2857      	GOTO       L_delay725us42
L_delay725us43:
;receiver.c,159 :: 		}
L_end_delay725us:
0x0069	0x0008      	RETURN
; end of _delay725us
_delay20us:
;receiver.c,161 :: 		void delay20us(){
;receiver.c,162 :: 		counter=0;
0x006A	0x1283      	BCF        STATUS, 5
0x006B	0x1303      	BCF        STATUS, 6
0x006C	0x01A8      	CLRF       _counter
0x006D	0x01A9      	CLRF       _counter+1
;receiver.c,163 :: 		TMR0=0;
0x006E	0x0181      	CLRF       TMR0
;receiver.c,164 :: 		OPTION_REG=0xd2;
0x006F	0x30D2      	MOVLW      210
0x0070	0x1683      	BSF        STATUS, 5
0x0071	0x0081      	MOVWF      OPTION_REG
;receiver.c,165 :: 		INTCON=0x00;
0x0072	0x018B      	CLRF       INTCON
;receiver.c,166 :: 		TMR0IE_bit=1;
0x0073	0x168B      	BSF        TMR0IE_bit, 5
;receiver.c,167 :: 		while(1){
L_delay20us46:
;receiver.c,168 :: 		if(TMR0IF_bit){
0x0074	0x1D0B      	BTFSS      TMR0IF_bit, 2
0x0075	0x287B      	GOTO       L_delay20us48
;receiver.c,169 :: 		counter++;
0x0076	0x1283      	BCF        STATUS, 5
0x0077	0x0AA8      	INCF       _counter, 1
0x0078	0x1903      	BTFSC      STATUS, 2
0x0079	0x0AA9      	INCF       _counter+1, 1
;receiver.c,170 :: 		TMR0IF_bit=0;
0x007A	0x110B      	BCF        TMR0IF_bit, 2
;receiver.c,171 :: 		}
L_delay20us48:
0x007B	0x1283      	BCF        STATUS, 5
;receiver.c,172 :: 		if(counter==6)break;
0x007C	0x3000      	MOVLW      0
0x007D	0x0629      	XORWF      _counter+1, 0
0x007E	0x1D03      	BTFSS      STATUS, 2
0x007F	0x2882      	GOTO       L__delay20us103
0x0080	0x3006      	MOVLW      6
0x0081	0x0628      	XORWF      _counter, 0
L__delay20us103:
0x0082	0x1D03      	BTFSS      STATUS, 2
0x0083	0x2885      	GOTO       L_delay20us49
0x0084	0x2886      	GOTO       L_delay20us47
L_delay20us49:
;receiver.c,173 :: 		}
0x0085	0x2874      	GOTO       L_delay20us46
L_delay20us47:
;receiver.c,176 :: 		}
L_end_delay20us:
0x0086	0x0008      	RETURN
; end of _delay20us
_____DoICP:
;__Lib_System.c,6 :: 		
;__Lib_System.c,9 :: 		
0x0087	0x1283      	BCF        STATUS, 5
0x0088	0x1303      	BCF        STATUS, 6
0x0089	0x0827      	MOVF       ___DoICPAddr+1, 0
0x008A	0x008A      	MOVWF      PCLATH
;__Lib_System.c,10 :: 		
0x008B	0x0826      	MOVF       ___DoICPAddr, 0
0x008C	0x0082      	MOVWF      PCL
;__Lib_System.c,12 :: 		
L_end_____DoICP:
0x008D	0x0008      	RETURN
; end of _____DoICP
_Div_16x16_S:
;__Lib_Math.c,479 :: 		
;__Lib_Math.c,487 :: 		
0x008E	0x1283      	BCF        STATUS, 5
0x008F	0x1303      	BCF        STATUS, 6
0x0090	0x0874      	MOVF       R4, 0
0x0091	0x3A00      	XORLW      0
0x0092	0x1D03      	BTFSS      STATUS, 2
0x0093	0x289D      	GOTO       L_Div_16x16_S0
;__Lib_Math.c,488 :: 		
0x0094	0x0875      	MOVF       R5, 0
0x0095	0x3A00      	XORLW      0
0x0096	0x1D03      	BTFSS      STATUS, 2
0x0097	0x289D      	GOTO       L_Div_16x16_S1
;__Lib_Math.c,489 :: 		
0x0098	0x30FF      	MOVLW      255
0x0099	0x00F0      	MOVWF      R0
;__Lib_Math.c,490 :: 		
0x009A	0x307F      	MOVLW      127
0x009B	0x00F1      	MOVWF      R1
;__Lib_Math.c,491 :: 		
0x009C	0x28F6      	GOTO       L_end_Div_16x16_S
;__Lib_Math.c,492 :: 		
L_Div_16x16_S1:
L_Div_16x16_S0:
;__Lib_Math.c,495 :: 		
0x009D	0x1283      	BCF        STATUS, 5
;__Lib_Math.c,496 :: 		
0x009E	0x1303      	BCF        STATUS, 6
;__Lib_Math.c,497 :: 		
0x009F	0x01FD      	CLRF       R13
;__Lib_Math.c,498 :: 		
0x00A0	0x01F9      	CLRF       R9
;__Lib_Math.c,499 :: 		
0x00A1	0x01F8      	CLRF       R8
;__Lib_Math.c,500 :: 		
0x00A2	0x0871      	MOVF       R1, 0
;__Lib_Math.c,501 :: 		
0x00A3	0x0470      	IORWF      R0, 0
;__Lib_Math.c,502 :: 		
0x00A4	0x1903      	BTFSC      STATUS, 2
;__Lib_Math.c,503 :: 		
0x00A5	0x3400      	RETLW      0
;__Lib_Math.c,505 :: 		
0x00A6	0x0871      	MOVF       R1, 0
;__Lib_Math.c,506 :: 		
0x00A7	0x0675      	XORWF      R5, 0
;__Lib_Math.c,507 :: 		
0x00A8	0x00FA      	MOVWF      R10
;__Lib_Math.c,508 :: 		
0x00A9	0x1BFA      	BTFSC      R10, 7
;__Lib_Math.c,509 :: 		
0x00AA	0x09FD      	COMF       R13, 1
;__Lib_Math.c,511 :: 		
0x00AB	0x01FB      	CLRF       R11
;__Lib_Math.c,513 :: 		
0x00AC	0x1FF5      	BTFSS      R5, 7
;__Lib_Math.c,514 :: 		
0x00AD	0x28B3      	GOTO       $+6
;__Lib_Math.c,516 :: 		
0x00AE	0x09F4      	COMF       R4, 1
;__Lib_Math.c,517 :: 		
0x00AF	0x09F5      	COMF       R5, 1
;__Lib_Math.c,518 :: 		
0x00B0	0x0AF4      	INCF       R4, 1
;__Lib_Math.c,519 :: 		
0x00B1	0x1903      	BTFSC      STATUS, 2
;__Lib_Math.c,520 :: 		
0x00B2	0x0AF5      	INCF       R5, 1
;__Lib_Math.c,522 :: 		
0x00B3	0x1FF1      	BTFSS      R1, 7
;__Lib_Math.c,523 :: 		
0x00B4	0x28BA      	GOTO       $+6
;__Lib_Math.c,525 :: 		
0x00B5	0x09F0      	COMF       R0, 1
;__Lib_Math.c,526 :: 		
0x00B6	0x09F1      	COMF       R1, 1
;__Lib_Math.c,527 :: 		
0x00B7	0x0AF0      	INCF       R0, 1
;__Lib_Math.c,528 :: 		
0x00B8	0x1903      	BTFSC      STATUS, 2
;__Lib_Math.c,529 :: 		
0x00B9	0x0AF1      	INCF       R1, 1
;__Lib_Math.c,531 :: 		
0x00BA	0x0871      	MOVF       R1, 0
;__Lib_Math.c,532 :: 		
0x00BB	0x0475      	IORWF      R5, 0
;__Lib_Math.c,533 :: 		
0x00BC	0x00FA      	MOVWF      R10
;__Lib_Math.c,534 :: 		
0x00BD	0x1BFA      	BTFSC      R10, 7
;__Lib_Math.c,535 :: 		
0x00BE	0x28CF      	GOTO       $+17
;__Lib_Math.c,537 :: 		
0x00BF	0x2021      	CALL       _Div_16x16_S_L
;__Lib_Math.c,539 :: 		
0x00C0	0x187B      	BTFSC      R11, 0
;__Lib_Math.c,540 :: 		
0x00C1	0x28E2      	GOTO       $+33
;__Lib_Math.c,542 :: 		
0x00C2	0x1FFD      	BTFSS      R13, 7
;__Lib_Math.c,543 :: 		
0x00C3	0x3400      	RETLW      0
;__Lib_Math.c,545 :: 		
0x00C4	0x09F0      	COMF       R0, 1
;__Lib_Math.c,546 :: 		
0x00C5	0x09F1      	COMF       R1, 1
;__Lib_Math.c,547 :: 		
0x00C6	0x0AF0      	INCF       R0, 1
;__Lib_Math.c,548 :: 		
0x00C7	0x1903      	BTFSC      STATUS, 2
;__Lib_Math.c,549 :: 		
0x00C8	0x0AF1      	INCF       R1, 1
;__Lib_Math.c,551 :: 		
0x00C9	0x09F8      	COMF       R8, 1
;__Lib_Math.c,552 :: 		
0x00CA	0x09F9      	COMF       R9, 1
;__Lib_Math.c,553 :: 		
0x00CB	0x0AF8      	INCF       R8, 1
;__Lib_Math.c,554 :: 		
0x00CC	0x1903      	BTFSC      STATUS, 2
;__Lib_Math.c,555 :: 		
0x00CD	0x0AF9      	INCF       R9, 1
;__Lib_Math.c,557 :: 		
0x00CE	0x3400      	RETLW      0
;__Lib_Math.c,559 :: 		
0x00CF	0x1FF5      	BTFSS      R5, 7
;__Lib_Math.c,560 :: 		
0x00D0	0x28DE      	GOTO       $+14
;__Lib_Math.c,561 :: 		
0x00D1	0x1BF1      	BTFSC      R1, 7
;__Lib_Math.c,562 :: 		
0x00D2	0x28DA      	GOTO       $+8
;__Lib_Math.c,563 :: 		
0x00D3	0x0871      	MOVF       R1, 0
;__Lib_Math.c,564 :: 		
0x00D4	0x00F9      	MOVWF      R9
;__Lib_Math.c,565 :: 		
0x00D5	0x0870      	MOVF       R0, 0
;__Lib_Math.c,566 :: 		
0x00D6	0x00F8      	MOVWF      R8
;__Lib_Math.c,567 :: 		
0x00D7	0x01F1      	CLRF       R1
;__Lib_Math.c,568 :: 		
0x00D8	0x01F0      	CLRF       R0
;__Lib_Math.c,569 :: 		
0x00D9	0x28C2      	GOTO       $-23
;__Lib_Math.c,570 :: 		
0x00DA	0x01F1      	CLRF       R1
;__Lib_Math.c,571 :: 		
0x00DB	0x01F0      	CLRF       R0
;__Lib_Math.c,572 :: 		
0x00DC	0x0AF0      	INCF       R0, 1
;__Lib_Math.c,573 :: 		
0x00DD	0x3400      	RETLW      0
;__Lib_Math.c,575 :: 		
0x00DE	0x09F1      	COMF       R1, 1
;__Lib_Math.c,576 :: 		
0x00DF	0x09F0      	COMF       R0, 1
;__Lib_Math.c,577 :: 		
0x00E0	0x0AFB      	INCF       R11, 1
;__Lib_Math.c,578 :: 		
0x00E1	0x28BF      	GOTO       $-34
;__Lib_Math.c,580 :: 		
0x00E2	0x0AF8      	INCF       R8, 1
;__Lib_Math.c,581 :: 		
0x00E3	0x1903      	BTFSC      STATUS, 2
;__Lib_Math.c,582 :: 		
0x00E4	0x0AF9      	INCF       R9, 1
;__Lib_Math.c,583 :: 		
0x00E5	0x0874      	MOVF       R4, 0
;__Lib_Math.c,584 :: 		
0x00E6	0x0278      	SUBWF      R8, 0
;__Lib_Math.c,585 :: 		
0x00E7	0x1D03      	BTFSS      STATUS, 2
;__Lib_Math.c,586 :: 		
0x00E8	0x28C2      	GOTO       $-38
;__Lib_Math.c,587 :: 		
0x00E9	0x0875      	MOVF       R5, 0
;__Lib_Math.c,588 :: 		
0x00EA	0x0279      	SUBWF      R9, 0
;__Lib_Math.c,589 :: 		
0x00EB	0x1D03      	BTFSS      STATUS, 2
;__Lib_Math.c,590 :: 		
0x00EC	0x28C2      	GOTO       $-42
;__Lib_Math.c,591 :: 		
0x00ED	0x01F9      	CLRF       R9
;__Lib_Math.c,592 :: 		
0x00EE	0x01F8      	CLRF       R8
;__Lib_Math.c,593 :: 		
0x00EF	0x0AF0      	INCF       R0, 1
;__Lib_Math.c,594 :: 		
0x00F0	0x1903      	BTFSC      STATUS, 2
;__Lib_Math.c,595 :: 		
0x00F1	0x0AF1      	INCF       R1, 1
;__Lib_Math.c,596 :: 		
0x00F2	0x1FF1      	BTFSS      R1, 7
;__Lib_Math.c,597 :: 		
0x00F3	0x28C2      	GOTO       $-49
;__Lib_Math.c,598 :: 		
0x00F4	0x0000      	NOP
;__Lib_Math.c,599 :: 		
0x00F5	0x34FF      	RETLW      255
;__Lib_Math.c,601 :: 		
L_end_Div_16x16_S:
0x00F6	0x0008      	RETURN
; end of _Div_16x16_S
_delay500us:
;receiver.c,127 :: 		void delay500us(){
;receiver.c,128 :: 		counter=0;
0x00F7	0x1283      	BCF        STATUS, 5
0x00F8	0x1303      	BCF        STATUS, 6
0x00F9	0x01A8      	CLRF       _counter
0x00FA	0x01A9      	CLRF       _counter+1
;receiver.c,129 :: 		TMR0=0;
0x00FB	0x0181      	CLRF       TMR0
;receiver.c,130 :: 		OPTION_REG=0xd2;
0x00FC	0x30D2      	MOVLW      210
0x00FD	0x1683      	BSF        STATUS, 5
0x00FE	0x0081      	MOVWF      OPTION_REG
;receiver.c,131 :: 		INTCON=0x00;
0x00FF	0x018B      	CLRF       INTCON
;receiver.c,132 :: 		TMR0IE_bit=1;
0x0100	0x168B      	BSF        TMR0IE_bit, 5
;receiver.c,133 :: 		while(1){
L_delay500us38:
;receiver.c,134 :: 		if(TMR0IF_bit){
0x0101	0x1D0B      	BTFSS      TMR0IF_bit, 2
0x0102	0x2908      	GOTO       L_delay500us40
;receiver.c,135 :: 		counter++;
0x0103	0x1283      	BCF        STATUS, 5
0x0104	0x0AA8      	INCF       _counter, 1
0x0105	0x1903      	BTFSC      STATUS, 2
0x0106	0x0AA9      	INCF       _counter+1, 1
;receiver.c,136 :: 		TMR0IF_bit=0;
0x0107	0x110B      	BCF        TMR0IF_bit, 2
;receiver.c,137 :: 		}
L_delay500us40:
0x0108	0x1283      	BCF        STATUS, 5
;receiver.c,138 :: 		if(counter==15)break;
0x0109	0x3000      	MOVLW      0
0x010A	0x0629      	XORWF      _counter+1, 0
0x010B	0x1D03      	BTFSS      STATUS, 2
0x010C	0x290F      	GOTO       L__delay500us99
0x010D	0x300F      	MOVLW      15
0x010E	0x0628      	XORWF      _counter, 0
L__delay500us99:
0x010F	0x1D03      	BTFSS      STATUS, 2
0x0110	0x2912      	GOTO       L_delay500us41
0x0111	0x2913      	GOTO       L_delay500us39
L_delay500us41:
;receiver.c,139 :: 		}
0x0112	0x2901      	GOTO       L_delay500us38
L_delay500us39:
;receiver.c,142 :: 		}
L_end_delay500us:
0x0113	0x0008      	RETURN
; end of _delay500us
_lookup:
;receiver.c,11 :: 		void lookup(int channel){
;receiver.c,12 :: 		switch(channel){
0x0114	0x2967      	GOTO       L_lookup0
;receiver.c,13 :: 		case 0: PORTD.F0^=1;
L_lookup2:
0x0115	0x3001      	MOVLW      1
0x0116	0x1283      	BCF        STATUS, 5
0x0117	0x1303      	BCF        STATUS, 6
0x0118	0x0688      	XORWF      PORTD, 1
;receiver.c,14 :: 		if(PORTD.F0==1){
0x0119	0x1C08      	BTFSS      PORTD, 0
0x011A	0x291B      	GOTO       L_lookup3
;receiver.c,16 :: 		}
L_lookup3:
;receiver.c,17 :: 		break;
0x011B	0x29E9      	GOTO       L_lookup1
;receiver.c,19 :: 		case 1: PORTD.F1^=1;
L_lookup4:
0x011C	0x3002      	MOVLW      2
0x011D	0x0688      	XORWF      PORTD, 1
;receiver.c,20 :: 		if(PORTD.F1==1){
0x011E	0x1C88      	BTFSS      PORTD, 1
0x011F	0x2920      	GOTO       L_lookup5
;receiver.c,22 :: 		}
L_lookup5:
;receiver.c,23 :: 		break;
0x0120	0x29E9      	GOTO       L_lookup1
;receiver.c,24 :: 		case 2: PORTD.F2^=1;
L_lookup6:
0x0121	0x3004      	MOVLW      4
0x0122	0x0688      	XORWF      PORTD, 1
;receiver.c,25 :: 		if(PORTD.F2==1){
0x0123	0x1D08      	BTFSS      PORTD, 2
0x0124	0x2925      	GOTO       L_lookup7
;receiver.c,27 :: 		}
L_lookup7:
;receiver.c,28 :: 		break;
0x0125	0x29E9      	GOTO       L_lookup1
;receiver.c,29 :: 		case 3: PORTD.F3^=1;
L_lookup8:
0x0126	0x3008      	MOVLW      8
0x0127	0x0688      	XORWF      PORTD, 1
;receiver.c,30 :: 		if(PORTD.F3==1){
0x0128	0x1D88      	BTFSS      PORTD, 3
0x0129	0x292A      	GOTO       L_lookup9
;receiver.c,32 :: 		}
L_lookup9:
;receiver.c,33 :: 		break;
0x012A	0x29E9      	GOTO       L_lookup1
;receiver.c,34 :: 		case 4: PORTD.F4^=1;
L_lookup10:
0x012B	0x3010      	MOVLW      16
0x012C	0x0688      	XORWF      PORTD, 1
;receiver.c,35 :: 		if(PORTD.F4==1){
0x012D	0x1E08      	BTFSS      PORTD, 4
0x012E	0x292F      	GOTO       L_lookup11
;receiver.c,37 :: 		}
L_lookup11:
;receiver.c,38 :: 		break;
0x012F	0x29E9      	GOTO       L_lookup1
;receiver.c,39 :: 		case 5: PORTD.F5^=1;
L_lookup12:
0x0130	0x3020      	MOVLW      32
0x0131	0x0688      	XORWF      PORTD, 1
;receiver.c,40 :: 		if(PORTD.F5==1){
0x0132	0x1E88      	BTFSS      PORTD, 5
0x0133	0x2934      	GOTO       L_lookup13
;receiver.c,42 :: 		}
L_lookup13:
;receiver.c,43 :: 		break;
0x0134	0x29E9      	GOTO       L_lookup1
;receiver.c,44 :: 		case 6: PORTD.F6^=1;
L_lookup14:
0x0135	0x3040      	MOVLW      64
0x0136	0x0688      	XORWF      PORTD, 1
;receiver.c,45 :: 		if(PORTD.F6==1){
0x0137	0x1F08      	BTFSS      PORTD, 6
0x0138	0x2939      	GOTO       L_lookup15
;receiver.c,47 :: 		}
L_lookup15:
;receiver.c,48 :: 		break;
0x0139	0x29E9      	GOTO       L_lookup1
;receiver.c,49 :: 		case 7: PORTD.F7^=1;
L_lookup16:
0x013A	0x3080      	MOVLW      128
0x013B	0x0688      	XORWF      PORTD, 1
;receiver.c,50 :: 		if(PORTD.F7==1){
0x013C	0x1F88      	BTFSS      PORTD, 7
0x013D	0x293E      	GOTO       L_lookup17
;receiver.c,52 :: 		}
L_lookup17:
;receiver.c,53 :: 		break;
0x013E	0x29E9      	GOTO       L_lookup1
;receiver.c,54 :: 		case 8: PORTC.F0^=1;
L_lookup18:
0x013F	0x3001      	MOVLW      1
0x0140	0x0687      	XORWF      PORTC, 1
;receiver.c,55 :: 		if(PORTC.F0==1){
0x0141	0x1C07      	BTFSS      PORTC, 0
0x0142	0x2943      	GOTO       L_lookup19
;receiver.c,57 :: 		}
L_lookup19:
;receiver.c,58 :: 		break;
0x0143	0x29E9      	GOTO       L_lookup1
;receiver.c,59 :: 		case 9: PORTC.F1^=1;
L_lookup20:
0x0144	0x3002      	MOVLW      2
0x0145	0x0687      	XORWF      PORTC, 1
;receiver.c,60 :: 		if(PORTC.F1==1){
0x0146	0x1C87      	BTFSS      PORTC, 1
0x0147	0x2948      	GOTO       L_lookup21
;receiver.c,62 :: 		}
L_lookup21:
;receiver.c,63 :: 		break;
0x0148	0x29E9      	GOTO       L_lookup1
;receiver.c,64 :: 		case 10: PORTC.F2^=1;
L_lookup22:
0x0149	0x3004      	MOVLW      4
0x014A	0x0687      	XORWF      PORTC, 1
;receiver.c,65 :: 		if(PORTC.F2==1){
0x014B	0x1D07      	BTFSS      PORTC, 2
0x014C	0x294D      	GOTO       L_lookup23
;receiver.c,67 :: 		}
L_lookup23:
;receiver.c,68 :: 		break;
0x014D	0x29E9      	GOTO       L_lookup1
;receiver.c,69 :: 		case 11: PORTC.F3^=1;
L_lookup24:
0x014E	0x3008      	MOVLW      8
0x014F	0x0687      	XORWF      PORTC, 1
;receiver.c,70 :: 		if(PORTC.F3==1){
0x0150	0x1D87      	BTFSS      PORTC, 3
0x0151	0x2952      	GOTO       L_lookup25
;receiver.c,72 :: 		}
L_lookup25:
;receiver.c,73 :: 		break;
0x0152	0x29E9      	GOTO       L_lookup1
;receiver.c,74 :: 		case 12: PORTC.F4^=1;
L_lookup26:
0x0153	0x3010      	MOVLW      16
0x0154	0x0687      	XORWF      PORTC, 1
;receiver.c,75 :: 		if(PORTC.F4==1){
0x0155	0x1E07      	BTFSS      PORTC, 4
0x0156	0x2957      	GOTO       L_lookup27
;receiver.c,77 :: 		}
L_lookup27:
;receiver.c,78 :: 		break;
0x0157	0x29E9      	GOTO       L_lookup1
;receiver.c,79 :: 		case 13: PORTC.F5^=1;
L_lookup28:
0x0158	0x3020      	MOVLW      32
0x0159	0x0687      	XORWF      PORTC, 1
;receiver.c,80 :: 		if(PORTC.F5==1){
0x015A	0x1E87      	BTFSS      PORTC, 5
0x015B	0x295C      	GOTO       L_lookup29
;receiver.c,82 :: 		}
L_lookup29:
;receiver.c,83 :: 		break;
0x015C	0x29E9      	GOTO       L_lookup1
;receiver.c,84 :: 		case 14: PORTC.F6^=1;
L_lookup30:
0x015D	0x3040      	MOVLW      64
0x015E	0x0687      	XORWF      PORTC, 1
;receiver.c,85 :: 		if(PORTC.F6==1){
0x015F	0x1F07      	BTFSS      PORTC, 6
0x0160	0x2961      	GOTO       L_lookup31
;receiver.c,87 :: 		}
L_lookup31:
;receiver.c,88 :: 		break;
0x0161	0x29E9      	GOTO       L_lookup1
;receiver.c,89 :: 		case 15: PORTC.F7^=1;
L_lookup32:
0x0162	0x3080      	MOVLW      128
0x0163	0x0687      	XORWF      PORTC, 1
;receiver.c,90 :: 		if(PORTC.F7==1){
0x0164	0x1F87      	BTFSS      PORTC, 7
0x0165	0x2966      	GOTO       L_lookup33
;receiver.c,92 :: 		}
L_lookup33:
;receiver.c,93 :: 		break;
0x0166	0x29E9      	GOTO       L_lookup1
;receiver.c,94 :: 		}
L_lookup0:
0x0167	0x1283      	BCF        STATUS, 5
0x0168	0x1303      	BCF        STATUS, 6
0x0169	0x3000      	MOVLW      0
0x016A	0x062F      	XORWF      FARG_lookup_channel+1, 0
0x016B	0x1D03      	BTFSS      STATUS, 2
0x016C	0x296F      	GOTO       L__lookup74
0x016D	0x3000      	MOVLW      0
0x016E	0x062E      	XORWF      FARG_lookup_channel, 0
L__lookup74:
0x016F	0x1903      	BTFSC      STATUS, 2
0x0170	0x2915      	GOTO       L_lookup2
0x0171	0x3000      	MOVLW      0
0x0172	0x062F      	XORWF      FARG_lookup_channel+1, 0
0x0173	0x1D03      	BTFSS      STATUS, 2
0x0174	0x2977      	GOTO       L__lookup75
0x0175	0x3001      	MOVLW      1
0x0176	0x062E      	XORWF      FARG_lookup_channel, 0
L__lookup75:
0x0177	0x1903      	BTFSC      STATUS, 2
0x0178	0x291C      	GOTO       L_lookup4
0x0179	0x3000      	MOVLW      0
0x017A	0x062F      	XORWF      FARG_lookup_channel+1, 0
0x017B	0x1D03      	BTFSS      STATUS, 2
0x017C	0x297F      	GOTO       L__lookup76
0x017D	0x3002      	MOVLW      2
0x017E	0x062E      	XORWF      FARG_lookup_channel, 0
L__lookup76:
0x017F	0x1903      	BTFSC      STATUS, 2
0x0180	0x2921      	GOTO       L_lookup6
0x0181	0x3000      	MOVLW      0
0x0182	0x062F      	XORWF      FARG_lookup_channel+1, 0
0x0183	0x1D03      	BTFSS      STATUS, 2
0x0184	0x2987      	GOTO       L__lookup77
0x0185	0x3003      	MOVLW      3
0x0186	0x062E      	XORWF      FARG_lookup_channel, 0
L__lookup77:
0x0187	0x1903      	BTFSC      STATUS, 2
0x0188	0x2926      	GOTO       L_lookup8
0x0189	0x3000      	MOVLW      0
0x018A	0x062F      	XORWF      FARG_lookup_channel+1, 0
0x018B	0x1D03      	BTFSS      STATUS, 2
0x018C	0x298F      	GOTO       L__lookup78
0x018D	0x3004      	MOVLW      4
0x018E	0x062E      	XORWF      FARG_lookup_channel, 0
L__lookup78:
0x018F	0x1903      	BTFSC      STATUS, 2
0x0190	0x292B      	GOTO       L_lookup10
0x0191	0x3000      	MOVLW      0
0x0192	0x062F      	XORWF      FARG_lookup_channel+1, 0
0x0193	0x1D03      	BTFSS      STATUS, 2
0x0194	0x2997      	GOTO       L__lookup79
0x0195	0x3005      	MOVLW      5
0x0196	0x062E      	XORWF      FARG_lookup_channel, 0
L__lookup79:
0x0197	0x1903      	BTFSC      STATUS, 2
0x0198	0x2930      	GOTO       L_lookup12
0x0199	0x3000      	MOVLW      0
0x019A	0x062F      	XORWF      FARG_lookup_channel+1, 0
0x019B	0x1D03      	BTFSS      STATUS, 2
0x019C	0x299F      	GOTO       L__lookup80
0x019D	0x3006      	MOVLW      6
0x019E	0x062E      	XORWF      FARG_lookup_channel, 0
L__lookup80:
0x019F	0x1903      	BTFSC      STATUS, 2
0x01A0	0x2935      	GOTO       L_lookup14
0x01A1	0x3000      	MOVLW      0
0x01A2	0x062F      	XORWF      FARG_lookup_channel+1, 0
0x01A3	0x1D03      	BTFSS      STATUS, 2
0x01A4	0x29A7      	GOTO       L__lookup81
0x01A5	0x3007      	MOVLW      7
0x01A6	0x062E      	XORWF      FARG_lookup_channel, 0
L__lookup81:
0x01A7	0x1903      	BTFSC      STATUS, 2
0x01A8	0x293A      	GOTO       L_lookup16
0x01A9	0x3000      	MOVLW      0
0x01AA	0x062F      	XORWF      FARG_lookup_channel+1, 0
0x01AB	0x1D03      	BTFSS      STATUS, 2
0x01AC	0x29AF      	GOTO       L__lookup82
0x01AD	0x3008      	MOVLW      8
0x01AE	0x062E      	XORWF      FARG_lookup_channel, 0
L__lookup82:
0x01AF	0x1903      	BTFSC      STATUS, 2
0x01B0	0x293F      	GOTO       L_lookup18
0x01B1	0x3000      	MOVLW      0
0x01B2	0x062F      	XORWF      FARG_lookup_channel+1, 0
0x01B3	0x1D03      	BTFSS      STATUS, 2
0x01B4	0x29B7      	GOTO       L__lookup83
0x01B5	0x3009      	MOVLW      9
0x01B6	0x062E      	XORWF      FARG_lookup_channel, 0
L__lookup83:
0x01B7	0x1903      	BTFSC      STATUS, 2
0x01B8	0x2944      	GOTO       L_lookup20
0x01B9	0x3000      	MOVLW      0
0x01BA	0x062F      	XORWF      FARG_lookup_channel+1, 0
0x01BB	0x1D03      	BTFSS      STATUS, 2
0x01BC	0x29BF      	GOTO       L__lookup84
0x01BD	0x300A      	MOVLW      10
0x01BE	0x062E      	XORWF      FARG_lookup_channel, 0
L__lookup84:
0x01BF	0x1903      	BTFSC      STATUS, 2
0x01C0	0x2949      	GOTO       L_lookup22
0x01C1	0x3000      	MOVLW      0
0x01C2	0x062F      	XORWF      FARG_lookup_channel+1, 0
0x01C3	0x1D03      	BTFSS      STATUS, 2
0x01C4	0x29C7      	GOTO       L__lookup85
0x01C5	0x300B      	MOVLW      11
0x01C6	0x062E      	XORWF      FARG_lookup_channel, 0
L__lookup85:
0x01C7	0x1903      	BTFSC      STATUS, 2
0x01C8	0x294E      	GOTO       L_lookup24
0x01C9	0x3000      	MOVLW      0
0x01CA	0x062F      	XORWF      FARG_lookup_channel+1, 0
0x01CB	0x1D03      	BTFSS      STATUS, 2
0x01CC	0x29CF      	GOTO       L__lookup86
0x01CD	0x300C      	MOVLW      12
0x01CE	0x062E      	XORWF      FARG_lookup_channel, 0
L__lookup86:
0x01CF	0x1903      	BTFSC      STATUS, 2
0x01D0	0x2953      	GOTO       L_lookup26
0x01D1	0x3000      	MOVLW      0
0x01D2	0x062F      	XORWF      FARG_lookup_channel+1, 0
0x01D3	0x1D03      	BTFSS      STATUS, 2
0x01D4	0x29D7      	GOTO       L__lookup87
0x01D5	0x300D      	MOVLW      13
0x01D6	0x062E      	XORWF      FARG_lookup_channel, 0
L__lookup87:
0x01D7	0x1903      	BTFSC      STATUS, 2
0x01D8	0x2958      	GOTO       L_lookup28
0x01D9	0x3000      	MOVLW      0
0x01DA	0x062F      	XORWF      FARG_lookup_channel+1, 0
0x01DB	0x1D03      	BTFSS      STATUS, 2
0x01DC	0x29DF      	GOTO       L__lookup88
0x01DD	0x300E      	MOVLW      14
0x01DE	0x062E      	XORWF      FARG_lookup_channel, 0
L__lookup88:
0x01DF	0x1903      	BTFSC      STATUS, 2
0x01E0	0x295D      	GOTO       L_lookup30
0x01E1	0x3000      	MOVLW      0
0x01E2	0x062F      	XORWF      FARG_lookup_channel+1, 0
0x01E3	0x1D03      	BTFSS      STATUS, 2
0x01E4	0x29E7      	GOTO       L__lookup89
0x01E5	0x300F      	MOVLW      15
0x01E6	0x062E      	XORWF      FARG_lookup_channel, 0
L__lookup89:
0x01E7	0x1903      	BTFSC      STATUS, 2
0x01E8	0x2962      	GOTO       L_lookup32
L_lookup1:
;receiver.c,95 :: 		delay3ms();
0x01E9	0x2003      	CALL       _delay3ms
;receiver.c,96 :: 		}
L_end_lookup:
0x01EA	0x0008      	RETURN
; end of _lookup
_reception:
;receiver.c,178 :: 		void reception(){
;receiver.c,180 :: 		int decoded_signal=0;
0x01EB	0x1283      	BCF        STATUS, 5
0x01EC	0x1303      	BCF        STATUS, 6
0x01ED	0x01AC      	CLRF       reception_decoded_signal_L0
0x01EE	0x01AD      	CLRF       reception_decoded_signal_L0+1
;receiver.c,181 :: 		for(i=0; i<10; i++){
0x01EF	0x01AA      	CLRF       reception_i_L0
0x01F0	0x01AB      	CLRF       reception_i_L0+1
L_reception50:
0x01F1	0x3080      	MOVLW      128
0x01F2	0x062B      	XORWF      reception_i_L0+1, 0
0x01F3	0x00F0      	MOVWF      R0
0x01F4	0x3080      	MOVLW      128
0x01F5	0x0270      	SUBWF      R0, 0
0x01F6	0x1D03      	BTFSS      STATUS, 2
0x01F7	0x29FA      	GOTO       L__reception105
0x01F8	0x300A      	MOVLW      10
0x01F9	0x022A      	SUBWF      reception_i_L0, 0
L__reception105:
0x01FA	0x1803      	BTFSC      STATUS, 0
0x01FB	0x2A0D      	GOTO       L_reception51
;receiver.c,182 :: 		delay20us();
0x01FC	0x206A      	CALL       _delay20us
;receiver.c,183 :: 		good=1;
0x01FD	0x3001      	MOVLW      1
0x01FE	0x00A2      	MOVWF      _good
0x01FF	0x3000      	MOVLW      0
0x0200	0x00A3      	MOVWF      _good+1
;receiver.c,184 :: 		if(PORTB.F0==0){
0x0201	0x1806      	BTFSC      PORTB, 0
0x0202	0x2A09      	GOTO       L_reception53
;receiver.c,185 :: 		good=0;
0x0203	0x01A2      	CLRF       _good
0x0204	0x01A3      	CLRF       _good+1
;receiver.c,186 :: 		i=100;
0x0205	0x3064      	MOVLW      100
0x0206	0x00AA      	MOVWF      reception_i_L0
0x0207	0x3000      	MOVLW      0
0x0208	0x00AB      	MOVWF      reception_i_L0+1
;receiver.c,187 :: 		}
L_reception53:
;receiver.c,181 :: 		for(i=0; i<10; i++){
0x0209	0x0AAA      	INCF       reception_i_L0, 1
0x020A	0x1903      	BTFSC      STATUS, 2
0x020B	0x0AAB      	INCF       reception_i_L0+1, 1
;receiver.c,188 :: 		}
0x020C	0x29F1      	GOTO       L_reception50
L_reception51:
;receiver.c,190 :: 		if(good==1){
0x020D	0x3000      	MOVLW      0
0x020E	0x0623      	XORWF      _good+1, 0
0x020F	0x1D03      	BTFSS      STATUS, 2
0x0210	0x2A13      	GOTO       L__reception106
0x0211	0x3001      	MOVLW      1
0x0212	0x0622      	XORWF      _good, 0
L__reception106:
0x0213	0x1D03      	BTFSS      STATUS, 2
0x0214	0x2A6F      	GOTO       L_reception54
;receiver.c,191 :: 		while(1){
L_reception55:
;receiver.c,192 :: 		if(PORTB.F0==0){
0x0215	0x1806      	BTFSC      PORTB, 0
0x0216	0x2A5B      	GOTO       L_reception57
;receiver.c,193 :: 		delay725us();
0x0217	0x204D      	CALL       _delay725us
;receiver.c,195 :: 		for(i=0; i<8; i++){
0x0218	0x01AA      	CLRF       reception_i_L0
0x0219	0x01AB      	CLRF       reception_i_L0+1
L_reception58:
0x021A	0x3080      	MOVLW      128
0x021B	0x062B      	XORWF      reception_i_L0+1, 0
0x021C	0x00F0      	MOVWF      R0
0x021D	0x3080      	MOVLW      128
0x021E	0x0270      	SUBWF      R0, 0
0x021F	0x1D03      	BTFSS      STATUS, 2
0x0220	0x2A23      	GOTO       L__reception107
0x0221	0x3008      	MOVLW      8
0x0222	0x022A      	SUBWF      reception_i_L0, 0
L__reception107:
0x0223	0x1803      	BTFSC      STATUS, 0
0x0224	0x2A5A      	GOTO       L_reception59
;receiver.c,196 :: 		test=i%2;
0x0225	0x3002      	MOVLW      2
0x0226	0x00F4      	MOVWF      R4
0x0227	0x3000      	MOVLW      0
0x0228	0x00F5      	MOVWF      R4+1
0x0229	0x082A      	MOVF       reception_i_L0, 0
0x022A	0x00F0      	MOVWF      R0
0x022B	0x082B      	MOVF       reception_i_L0+1, 0
0x022C	0x00F1      	MOVWF      R0+1
0x022D	0x208E      	CALL       _Div_16x16_S
0x022E	0x0878      	MOVF       R8, 0
0x022F	0x00F0      	MOVWF      R0
0x0230	0x0879      	MOVF       R8+1, 0
0x0231	0x00F1      	MOVWF      R0+1
0x0232	0x0870      	MOVF       R0, 0
0x0233	0x00A4      	MOVWF      _test
0x0234	0x0871      	MOVF       R0+1, 0
0x0235	0x00A5      	MOVWF      _test+1
;receiver.c,198 :: 		if(PORTB.F0==1){
0x0236	0x1C06      	BTFSS      PORTB, 0
0x0237	0x2A49      	GOTO       L_reception61
;receiver.c,199 :: 		if(test==0){
0x0238	0x3000      	MOVLW      0
0x0239	0x0625      	XORWF      _test+1, 0
0x023A	0x1D03      	BTFSS      STATUS, 2
0x023B	0x2A3E      	GOTO       L__reception108
0x023C	0x3000      	MOVLW      0
0x023D	0x0624      	XORWF      _test, 0
L__reception108:
0x023E	0x1D03      	BTFSS      STATUS, 2
0x023F	0x2A47      	GOTO       L_reception62
;receiver.c,200 :: 		decoded_signal^=0x01;
0x0240	0x3001      	MOVLW      1
0x0241	0x06AC      	XORWF      reception_decoded_signal_L0, 1
0x0242	0x3000      	MOVLW      0
0x0243	0x06AD      	XORWF      reception_decoded_signal_L0+1, 1
;receiver.c,201 :: 		decoded_signal<<=1;
0x0244	0x0DAC      	RLF        reception_decoded_signal_L0, 1
0x0245	0x0DAD      	RLF        reception_decoded_signal_L0+1, 1
0x0246	0x102C      	BCF        reception_decoded_signal_L0, 0
;receiver.c,203 :: 		}
L_reception62:
;receiver.c,204 :: 		PORTB.F1=1;
0x0247	0x1486      	BSF        PORTB, 1
;receiver.c,205 :: 		}else{
0x0248	0x2A55      	GOTO       L_reception63
L_reception61:
;receiver.c,206 :: 		if(test==0){
0x0249	0x3000      	MOVLW      0
0x024A	0x0625      	XORWF      _test+1, 0
0x024B	0x1D03      	BTFSS      STATUS, 2
0x024C	0x2A4F      	GOTO       L__reception109
0x024D	0x3000      	MOVLW      0
0x024E	0x0624      	XORWF      _test, 0
L__reception109:
0x024F	0x1D03      	BTFSS      STATUS, 2
0x0250	0x2A54      	GOTO       L_reception64
;receiver.c,207 :: 		decoded_signal^=0x00;
;receiver.c,208 :: 		decoded_signal<<=1;
0x0251	0x0DAC      	RLF        reception_decoded_signal_L0, 1
0x0252	0x0DAD      	RLF        reception_decoded_signal_L0+1, 1
0x0253	0x102C      	BCF        reception_decoded_signal_L0, 0
;receiver.c,210 :: 		}
L_reception64:
;receiver.c,211 :: 		PORTB.F1=0;
0x0254	0x1086      	BCF        PORTB, 1
;receiver.c,212 :: 		}
L_reception63:
;receiver.c,214 :: 		delay500us();
0x0255	0x20F7      	CALL       _delay500us
;receiver.c,195 :: 		for(i=0; i<8; i++){
0x0256	0x0AAA      	INCF       reception_i_L0, 1
0x0257	0x1903      	BTFSC      STATUS, 2
0x0258	0x0AAB      	INCF       reception_i_L0+1, 1
;receiver.c,216 :: 		}
0x0259	0x2A1A      	GOTO       L_reception58
L_reception59:
;receiver.c,217 :: 		break;
0x025A	0x2A5C      	GOTO       L_reception56
;receiver.c,218 :: 		}
L_reception57:
;receiver.c,219 :: 		}
0x025B	0x2A15      	GOTO       L_reception55
L_reception56:
;receiver.c,221 :: 		decoded_signal>>=1;
0x025C	0x082C      	MOVF       reception_decoded_signal_L0, 0
0x025D	0x00F0      	MOVWF      R0
0x025E	0x082D      	MOVF       reception_decoded_signal_L0+1, 0
0x025F	0x00F1      	MOVWF      R0+1
0x0260	0x0CF1      	RRF        R0+1, 1
0x0261	0x0CF0      	RRF        R0, 1
0x0262	0x13F1      	BCF        R0+1, 7
0x0263	0x1B71      	BTFSC      R0+1, 6
0x0264	0x17F1      	BSF        R0+1, 7
0x0265	0x0870      	MOVF       R0, 0
0x0266	0x00AC      	MOVWF      reception_decoded_signal_L0
0x0267	0x0871      	MOVF       R0+1, 0
0x0268	0x00AD      	MOVWF      reception_decoded_signal_L0+1
;receiver.c,224 :: 		PORTB.F1=0;
0x0269	0x1086      	BCF        PORTB, 1
;receiver.c,226 :: 		lookup(decoded_signal);
0x026A	0x0870      	MOVF       R0, 0
0x026B	0x00AE      	MOVWF      FARG_lookup_channel
0x026C	0x0871      	MOVF       R0+1, 0
0x026D	0x00AF      	MOVWF      FARG_lookup_channel+1
0x026E	0x2114      	CALL       _lookup
;receiver.c,227 :: 		}
L_reception54:
;receiver.c,229 :: 		}
L_end_reception:
0x026F	0x0008      	RETURN
; end of _reception
___CC2DW:
;__Lib_System.c,134 :: 		
;__Lib_System.c,137 :: 		
_CC2D_Loop1:
;__Lib_System.c,139 :: 		
0x0270	0x2087      	CALL       _____DoICP
0x0271	0x118A      	BCF        PCLATH, 3
0x0272	0x120A      	BCF        PCLATH, 4
;__Lib_System.c,141 :: 		
0x0273	0x0080      	MOVWF      INDF
;__Lib_System.c,142 :: 		
0x0274	0x0A84      	INCF       FSR, 1
;__Lib_System.c,143 :: 		
0x0275	0x0AA6      	INCF       ___DoICPAddr, 1
;__Lib_System.c,145 :: 		
0x0276	0x1903      	BTFSC      STATUS, 2
;__Lib_System.c,146 :: 		
0x0277	0x0AA7      	INCF       ___DoICPAddr+1, 1
;__Lib_System.c,147 :: 		
0x0278	0x03F0      	DECF       R0, 1
;__Lib_System.c,149 :: 		
0x0279	0x1D03      	BTFSS      STATUS, 2
;__Lib_System.c,150 :: 		
0x027A	0x2A70      	GOTO       _CC2D_Loop1
;__Lib_System.c,152 :: 		
L_end___CC2DW:
0x027B	0x0008      	RETURN
; end of ___CC2DW
_main:
0x027C	0x1283      	BCF        STATUS, 5
0x027D	0x1303      	BCF        STATUS, 6
0x027E	0x01A0      	CLRF       _encodedSignal
0x027F	0x01A1      	CLRF       33
;receiver.c,231 :: 		void main() {
;receiver.c,232 :: 		TRISD=0x00;
0x0280	0x1683      	BSF        STATUS, 5
0x0281	0x0188      	CLRF       TRISD
;receiver.c,233 :: 		TRISB=0x01;
0x0282	0x3001      	MOVLW      1
0x0283	0x0086      	MOVWF      TRISB
;receiver.c,234 :: 		TRISC=0;
0x0284	0x0187      	CLRF       TRISC
;receiver.c,235 :: 		PORTC=0;
0x0285	0x1283      	BCF        STATUS, 5
0x0286	0x0187      	CLRF       PORTC
;receiver.c,236 :: 		PORTB=0;
0x0287	0x0186      	CLRF       PORTB
;receiver.c,237 :: 		PORTD=0;
0x0288	0x0188      	CLRF       PORTD
;receiver.c,238 :: 		while(1){
L_main65:
;receiver.c,239 :: 		PORTB=0;
0x0289	0x0186      	CLRF       PORTB
;receiver.c,240 :: 		if(PORTB.F0==1){
0x028A	0x1C06      	BTFSS      PORTB, 0
0x028B	0x2A8F      	GOTO       L_main67
;receiver.c,241 :: 		encodedSignal=0;
0x028C	0x01A0      	CLRF       _encodedSignal
0x028D	0x01A1      	CLRF       _encodedSignal+1
;receiver.c,242 :: 		reception();
0x028E	0x21EB      	CALL       _reception
;receiver.c,244 :: 		}
L_main67:
;receiver.c,245 :: 		}
0x028F	0x2A89      	GOTO       L_main65
;receiver.c,246 :: 		}
L_end_main:
0x0290	0x2A90      	GOTO       $+0
; end of _main
Symbol List:
//** Routines locations **
//ADDRESS    SIZE    PROCEDURE
//----------------------------------------------
0x0003      [30]    _delay3ms
0x0021      [44]    _Div_16x16_S_L
0x004D      [29]    _delay725us
0x006A      [29]    _delay20us
0x0087       [7]    _____DoICP
0x008E     [105]    _Div_16x16_S
0x00F7      [29]    _delay500us
0x0114     [215]    _lookup
0x01EB     [133]    _reception
0x0270      [12]    ___CC2DW
0x027C      [21]    _main
//** Variables locations ** 
//ADDRESS    SIZE    VARIABLE
//----------------------------------------------
0x0000       [1]    INDF
0x0001       [1]    TMR0
0x0002       [1]    PCL
0x0003       [1]    STATUS
0x0004       [1]    FSR
0x0006       [1]    PORTB
0x0007       [1]    PORTC
0x0008       [1]    PORTD
0x000A       [1]    PCLATH
0x000B       [0]    TMR0IF_bit
0x000B       [1]    INTCON
0x000B       [0]    TMR0IE_bit
0x0020       [2]    _encodedSignal
0x0022       [2]    _good
0x0024       [2]    _test
0x0026       [2]    ___DoICPAddr
0x0028       [2]    _counter
0x002A       [2]    reception_i_L0
0x002C       [2]    reception_decoded_signal_L0
0x002E       [2]    FARG_lookup_channel
0x0070       [1]    R0
0x0071       [1]    R1
0x0072       [1]    R2
0x0073       [1]    R3
0x0074       [1]    R4
0x0075       [1]    R5
0x0076       [1]    R6
0x0077       [1]    R7
0x0078       [1]    R8
0x0079       [1]    R9
0x007A       [1]    R10
0x007B       [1]    R11
0x007C       [1]    R12
0x007D       [1]    R13
0x007E       [1]    R14
0x007F       [1]    R15
0x0081       [1]    OPTION_REG
0x0086       [1]    TRISB
0x0087       [1]    TRISC
0x0088       [1]    TRISD
//** Label List: ** 
//----------------------------------------------
  L_lookup0
  L_lookup1
  L_lookup2
  L_lookup3
  L_lookup4
  L_lookup5
  L_lookup6
  L_lookup7
  L_lookup8
  L_lookup9
  L_lookup10
  L_lookup11
  L_lookup12
  L_lookup13
  L_lookup14
  L_lookup15
  L_lookup16
  L_lookup17
  L_lookup18
  L_lookup19
  L_lookup20
  L_lookup21
  L_lookup22
  L_lookup23
  L_lookup24
  L_lookup25
  L_lookup26
  L_lookup27
  L_lookup28
  L_lookup29
  L_lookup30
  L_lookup31
  L_lookup32
  L_lookup33
  L_delay3ms34
  L_delay3ms35
  L_delay3ms36
  L_delay3ms37
  L_delay500us38
  L_delay500us39
  L_delay500us40
  L_delay500us41
  L_delay725us42
  L_delay725us43
  L_delay725us44
  L_delay725us45
  L_delay20us46
  L_delay20us47
  L_delay20us48
  L_delay20us49
  L_reception50
  L_reception51
  L_reception52
  L_reception53
  L_reception54
  L_reception55
  L_reception56
  L_reception57
  L_reception58
  L_reception59
  L_reception60
  L_reception61
  L_reception62
  L_reception63
  L_reception64
  L_main65
  L_main66
  L_main67
  L_encodeSignal68
  L_encodeSignal69
  L_encodeSignal70
  L_encodeSignal71
  L_encodeSignal72
  L_end_lookup
  _lookup
  L__lookup74
  L__lookup75
  L__lookup76
  L__lookup77
  L__lookup78
  L__lookup79
  L__lookup80
  L__lookup81
  L__lookup82
  L__lookup83
  L__lookup84
  L__lookup85
  L__lookup86
  L__lookup87
  L__lookup88
  L__lookup89
  L_end_bitRead
  _bitRead
  L__bitRead91
  L__bitRead92
  L_end_bitWrite
  _bitWrite
  L__bitWrite94
  L__bitWrite95
  L_end_delay3ms
  _delay3ms
  L__delay3ms97
  L_end_delay500us
  _delay500us
  L__delay500us99
  L_end_delay725us
  _delay725us
  L__delay725us101
  L_end_delay20us
  _delay20us
  L__delay20us103
  L_end_reception
  _reception
  L__reception105
  L__reception106
  L__reception107
  L__reception108
  L__reception109
  L_end_main
  _main
  L_end_encodeSignal
  _encodeSignal
  L__encodeSignal112
  L__encodeSignal113
  L_Div_16x16_S0
  L_Div_16x16_S1
  LOOPS3232A
  SADD22LA
  SOK22LA
  SADD22L8
  SOK22L8
  LOOPS3232B
  SADD22LB
  SOK22LB
  SADD22L16
  SOK22L16
  LOOPS3232C
  SADD22LC
  SOK22LC
  SADD22L24
  SOK22L24
  LOOPS3232D
  SADD22LD
  SOK22LD
  SOK22L
  L_Div_32x32_S6
  L_Div_32x32_S7
  L_Div_32x32_S8
  L_Div_32x32_S9
  FXD3232S
  END_ALL
  CA3232S
  C3232SX
  C3232SX1
  C3232S
  C3232S2
  C3232SX4
  C3232SOK
  C3232SX3
  C3232SX2
  avoid_comfrem
  LOOPU3232A
  UADD22LA
  UOK22LA
  UADD22L8
  UOK22L8
  LOOPU3232B
  UADD22LB
  UOK22LB
  UADD22L16
  UOK22L16
  LOOPU3232C
  UADD22LC
  UOK22LC
  UADD22L24
  UOK22L24
  LOOPU3232D
  UADD22LD
  UOK22LD
  UOK22L
  _NEXT
  _EXIT2
  _LOOP
  _EXIT1
  _IF_FIRST
  _IF_SECOND
  _INVERCE_FIRST
  _MULT
  _INBERSE_SECOND
  _EXIT
  L_end_Mul_8x8_U
  _Mul_8x8_U
  L_end_Mul_16x16_U
  _Mul_16x16_U
  L_end_Div_8x8_U
  _Div_8x8_U
  L_end_Div_16x16_U
  _Div_16x16_U
  L_end_Mul_8x8_S
  _Mul_8x8_S
  L_end_Mul_16x16_S
  _Mul_16x16_S
  L_end_Div_16x16_S_L
  _Div_16x16_S_L
  L_end_Div_16x16_S
  _Div_16x16_S
  L_end_Div_8x8_S
  _Div_8x8_S
  L_end_SDIV3232L
  _SDIV3232L
  L_end_COMFREM
  _COMFREM
  L_end_Div_32x32_S
  _Div_32x32_S
  L_end_Div_32x32_U
  _Div_32x32_U
  L_end_Mul_32x32_U
  _Mul_32x32_U
  L_end_Mul_32x32_S
  _Mul_32x32_S
  L_loopCA2AWs
  L_CA2AWend
  _CCA2AW_Loop1
  L_loopCS2Ss
  L_CS2Send
  _CCS2S_Loop1
  L_CCS2Send
  L_loopFZinSWs
  L_FZinSend
  _CC2D_Loop1
  L_end_____DoICP
  _____DoICP
  L_end_____DoIFC
  _____DoIFC
  L_end___CA2AW
  ___CA2AW
  L_end___CCA2AW
  ___CCA2AW
  L_end___CS2S
  ___CS2S
  L_end___CCS2S
  ___CCS2S
  L_end___FZinS
  ___FZinS
  L_end___CC2DW
  ___CC2DW
  L_end_Swap
  _Swap
