;  LST file generated by mikroListExporter - v.2.0 
; Date/Time: 5/21/2016 3:18:20 PM
;----------------------------------------------

;Address Opcode 	ASM
0x0000	0x2B86      	GOTO       902
_Delay_50us:
;__Lib_Delays.c,19 :: 		void Delay_50us() {
;__Lib_Delays.c,20 :: 		Delay_us(50);
0x0003	0x3021      	MOVLW      33
0x0004	0x1283      	BCF        STATUS, 5
0x0005	0x1303      	BCF        STATUS, 6
0x0006	0x00FD      	MOVWF      R13
L_Delay_50us2:
0x0007	0x0BFD      	DECFSZ     R13, 1
0x0008	0x2807      	GOTO       L_Delay_50us2
;__Lib_Delays.c,21 :: 		}
L_end_Delay_50us:
0x0009	0x0008      	RETURN
; end of _Delay_50us
_Delay_5500us:
;__Lib_Delays.c,31 :: 		void Delay_5500us() {
;__Lib_Delays.c,32 :: 		Delay_us(5500);
0x000A	0x300F      	MOVLW      15
0x000B	0x1283      	BCF        STATUS, 5
0x000C	0x1303      	BCF        STATUS, 6
0x000D	0x00FC      	MOVWF      R12
0x000E	0x3047      	MOVLW      71
0x000F	0x00FD      	MOVWF      R13
L_Delay_5500us5:
0x0010	0x0BFD      	DECFSZ     R13, 1
0x0011	0x2810      	GOTO       L_Delay_5500us5
0x0012	0x0BFC      	DECFSZ     R12, 1
0x0013	0x2810      	GOTO       L_Delay_5500us5
0x0014	0x0000      	NOP
0x0015	0x0000      	NOP
;__Lib_Delays.c,33 :: 		}
L_end_Delay_5500us:
0x0016	0x0008      	RETURN
; end of _Delay_5500us
_Delay_1us:
;__Lib_Delays.c,7 :: 		void Delay_1us() {
;__Lib_Delays.c,8 :: 		Delay_us(1);
0x0017	0x0000      	NOP
0x0018	0x0000      	NOP
;__Lib_Delays.c,9 :: 		}
L_end_Delay_1us:
0x0019	0x0008      	RETURN
; end of _Delay_1us
_Lcd_Cmd:
;__Lib_Lcd.c,18 :: 		
;__Lib_Lcd.c,20 :: 		
0x001A	0x1683      	BSF        STATUS, 5
0x001B	0x1303      	BCF        STATUS, 6
0x001C	0x1BD5      	BTFSC      FARG_Lcd_Cmd_out_char, 7
0x001D	0x2821      	GOTO       L__Lcd_Cmd21
0x001E	0x1283      	BCF        STATUS, 5
0x001F	0x1287      	BCF        LCD_D7, BitPos(LCD_D7+0)
0x0020	0x2823      	GOTO       L__Lcd_Cmd22
L__Lcd_Cmd21:
0x0021	0x1283      	BCF        STATUS, 5
0x0022	0x1687      	BSF        LCD_D7, BitPos(LCD_D7+0)
L__Lcd_Cmd22:
;__Lib_Lcd.c,21 :: 		
0x0023	0x1683      	BSF        STATUS, 5
0x0024	0x1B55      	BTFSC      FARG_Lcd_Cmd_out_char, 6
0x0025	0x2829      	GOTO       L__Lcd_Cmd23
0x0026	0x1283      	BCF        STATUS, 5
0x0027	0x1207      	BCF        LCD_D6, BitPos(LCD_D6+0)
0x0028	0x282B      	GOTO       L__Lcd_Cmd24
L__Lcd_Cmd23:
0x0029	0x1283      	BCF        STATUS, 5
0x002A	0x1607      	BSF        LCD_D6, BitPos(LCD_D6+0)
L__Lcd_Cmd24:
;__Lib_Lcd.c,22 :: 		
0x002B	0x1683      	BSF        STATUS, 5
0x002C	0x1AD5      	BTFSC      FARG_Lcd_Cmd_out_char, 5
0x002D	0x2831      	GOTO       L__Lcd_Cmd25
0x002E	0x1283      	BCF        STATUS, 5
0x002F	0x1188      	BCF        LCD_D5, BitPos(LCD_D5+0)
0x0030	0x2833      	GOTO       L__Lcd_Cmd26
L__Lcd_Cmd25:
0x0031	0x1283      	BCF        STATUS, 5
0x0032	0x1588      	BSF        LCD_D5, BitPos(LCD_D5+0)
L__Lcd_Cmd26:
;__Lib_Lcd.c,23 :: 		
0x0033	0x1683      	BSF        STATUS, 5
0x0034	0x1A55      	BTFSC      FARG_Lcd_Cmd_out_char, 4
0x0035	0x2839      	GOTO       L__Lcd_Cmd27
0x0036	0x1283      	BCF        STATUS, 5
0x0037	0x1108      	BCF        LCD_D4, BitPos(LCD_D4+0)
0x0038	0x283B      	GOTO       L__Lcd_Cmd28
L__Lcd_Cmd27:
0x0039	0x1283      	BCF        STATUS, 5
0x003A	0x1508      	BSF        LCD_D4, BitPos(LCD_D4+0)
L__Lcd_Cmd28:
;__Lib_Lcd.c,25 :: 		
0x003B	0x186F      	BTFSC      __Lib_Lcd_cmd_status, BitPos(__Lib_Lcd_cmd_status+0)
0x003C	0x283F      	GOTO       L__Lcd_Cmd29
0x003D	0x1787      	BSF        LCD_RS, BitPos(LCD_RS+0)
0x003E	0x2840      	GOTO       L__Lcd_Cmd30
L__Lcd_Cmd29:
0x003F	0x1387      	BCF        LCD_RS, BitPos(LCD_RS+0)
L__Lcd_Cmd30:
;__Lib_Lcd.c,28 :: 		
0x0040	0x1707      	BSF        LCD_EN, BitPos(LCD_EN+0)
;__Lib_Lcd.c,29 :: 		
0x0041	0x2017      	CALL       _Delay_1us
;__Lib_Lcd.c,30 :: 		
0x0042	0x1307      	BCF        LCD_EN, BitPos(LCD_EN+0)
;__Lib_Lcd.c,33 :: 		
0x0043	0x1683      	BSF        STATUS, 5
0x0044	0x19D5      	BTFSC      FARG_Lcd_Cmd_out_char, 3
0x0045	0x2849      	GOTO       L__Lcd_Cmd31
0x0046	0x1283      	BCF        STATUS, 5
0x0047	0x1287      	BCF        LCD_D7, BitPos(LCD_D7+0)
0x0048	0x284B      	GOTO       L__Lcd_Cmd32
L__Lcd_Cmd31:
0x0049	0x1283      	BCF        STATUS, 5
0x004A	0x1687      	BSF        LCD_D7, BitPos(LCD_D7+0)
L__Lcd_Cmd32:
;__Lib_Lcd.c,34 :: 		
0x004B	0x1683      	BSF        STATUS, 5
0x004C	0x1955      	BTFSC      FARG_Lcd_Cmd_out_char, 2
0x004D	0x2851      	GOTO       L__Lcd_Cmd33
0x004E	0x1283      	BCF        STATUS, 5
0x004F	0x1207      	BCF        LCD_D6, BitPos(LCD_D6+0)
0x0050	0x2853      	GOTO       L__Lcd_Cmd34
L__Lcd_Cmd33:
0x0051	0x1283      	BCF        STATUS, 5
0x0052	0x1607      	BSF        LCD_D6, BitPos(LCD_D6+0)
L__Lcd_Cmd34:
;__Lib_Lcd.c,35 :: 		
0x0053	0x1683      	BSF        STATUS, 5
0x0054	0x18D5      	BTFSC      FARG_Lcd_Cmd_out_char, 1
0x0055	0x2859      	GOTO       L__Lcd_Cmd35
0x0056	0x1283      	BCF        STATUS, 5
0x0057	0x1188      	BCF        LCD_D5, BitPos(LCD_D5+0)
0x0058	0x285B      	GOTO       L__Lcd_Cmd36
L__Lcd_Cmd35:
0x0059	0x1283      	BCF        STATUS, 5
0x005A	0x1588      	BSF        LCD_D5, BitPos(LCD_D5+0)
L__Lcd_Cmd36:
;__Lib_Lcd.c,36 :: 		
0x005B	0x1683      	BSF        STATUS, 5
0x005C	0x1855      	BTFSC      FARG_Lcd_Cmd_out_char, 0
0x005D	0x2861      	GOTO       L__Lcd_Cmd37
0x005E	0x1283      	BCF        STATUS, 5
0x005F	0x1108      	BCF        LCD_D4, BitPos(LCD_D4+0)
0x0060	0x2863      	GOTO       L__Lcd_Cmd38
L__Lcd_Cmd37:
0x0061	0x1283      	BCF        STATUS, 5
0x0062	0x1508      	BSF        LCD_D4, BitPos(LCD_D4+0)
L__Lcd_Cmd38:
;__Lib_Lcd.c,38 :: 		
0x0063	0x186F      	BTFSC      __Lib_Lcd_cmd_status, BitPos(__Lib_Lcd_cmd_status+0)
0x0064	0x2867      	GOTO       L__Lcd_Cmd39
0x0065	0x1787      	BSF        LCD_RS, BitPos(LCD_RS+0)
0x0066	0x2868      	GOTO       L__Lcd_Cmd40
L__Lcd_Cmd39:
0x0067	0x1387      	BCF        LCD_RS, BitPos(LCD_RS+0)
L__Lcd_Cmd40:
;__Lib_Lcd.c,40 :: 		
0x0068	0x1707      	BSF        LCD_EN, BitPos(LCD_EN+0)
;__Lib_Lcd.c,41 :: 		
0x0069	0x2017      	CALL       _Delay_1us
;__Lib_Lcd.c,42 :: 		
0x006A	0x1307      	BCF        LCD_EN, BitPos(LCD_EN+0)
;__Lib_Lcd.c,44 :: 		
0x006B	0x1C6F      	BTFSS      __Lib_Lcd_cmd_status, BitPos(__Lib_Lcd_cmd_status+0)
0x006C	0x286F      	GOTO       L_Lcd_Cmd0
;__Lib_Lcd.c,45 :: 		
0x006D	0x200A      	CALL       _Delay_5500us
0x006E	0x2870      	GOTO       L_Lcd_Cmd1
L_Lcd_Cmd0:
;__Lib_Lcd.c,47 :: 		
0x006F	0x2003      	CALL       _Delay_50us
L_Lcd_Cmd1:
;__Lib_Lcd.c,48 :: 		
L_end_Lcd_Cmd:
0x0070	0x0008      	RETURN
; end of _Lcd_Cmd
_Lcd_Chr_CP:
;__Lib_Lcd.c,50 :: 		
;__Lib_Lcd.c,52 :: 		
0x0071	0x1283      	BCF        STATUS, 5
0x0072	0x1303      	BCF        STATUS, 6
0x0073	0x106F      	BCF        __Lib_Lcd_cmd_status, BitPos(__Lib_Lcd_cmd_status+0)
;__Lib_Lcd.c,53 :: 		
0x0074	0x1683      	BSF        STATUS, 5
0x0075	0x0854      	MOVF       FARG_Lcd_Chr_CP_out_char, 0
0x0076	0x00D5      	MOVWF      FARG_Lcd_Cmd_out_char
0x0077	0x201A      	CALL       _Lcd_Cmd
;__Lib_Lcd.c,54 :: 		
0x0078	0x146F      	BSF        __Lib_Lcd_cmd_status, BitPos(__Lib_Lcd_cmd_status+0)
;__Lib_Lcd.c,55 :: 		
L_end_Lcd_Chr_CP:
0x0079	0x0008      	RETURN
; end of _Lcd_Chr_CP
_Lcd_Out:
;__Lib_Lcd.c,184 :: 		
;__Lib_Lcd.c,187 :: 		
0x007A	0x288C      	GOTO       L_Lcd_Out11
;__Lib_Lcd.c,188 :: 		
L_Lcd_Out13:
0x007B	0x3080      	MOVLW      128
0x007C	0x1683      	BSF        STATUS, 5
0x007D	0x1303      	BCF        STATUS, 6
0x007E	0x00D0      	MOVWF      FARG_Lcd_Out_row
0x007F	0x289F      	GOTO       L_Lcd_Out12
;__Lib_Lcd.c,189 :: 		
L_Lcd_Out14:
0x0080	0x30C0      	MOVLW      192
0x0081	0x00D0      	MOVWF      FARG_Lcd_Out_row
0x0082	0x289F      	GOTO       L_Lcd_Out12
;__Lib_Lcd.c,190 :: 		
L_Lcd_Out15:
0x0083	0x3094      	MOVLW      148
0x0084	0x00D0      	MOVWF      FARG_Lcd_Out_row
0x0085	0x289F      	GOTO       L_Lcd_Out12
;__Lib_Lcd.c,191 :: 		
L_Lcd_Out16:
0x0086	0x30D4      	MOVLW      212
0x0087	0x00D0      	MOVWF      FARG_Lcd_Out_row
0x0088	0x289F      	GOTO       L_Lcd_Out12
;__Lib_Lcd.c,192 :: 		
L_Lcd_Out17:
0x0089	0x3080      	MOVLW      128
0x008A	0x00D0      	MOVWF      FARG_Lcd_Out_row
;__Lib_Lcd.c,193 :: 		
0x008B	0x289F      	GOTO       L_Lcd_Out12
L_Lcd_Out11:
0x008C	0x1683      	BSF        STATUS, 5
0x008D	0x1303      	BCF        STATUS, 6
0x008E	0x0850      	MOVF       FARG_Lcd_Out_row, 0
0x008F	0x3A01      	XORLW      1
0x0090	0x1903      	BTFSC      STATUS, 2
0x0091	0x287B      	GOTO       L_Lcd_Out13
0x0092	0x0850      	MOVF       FARG_Lcd_Out_row, 0
0x0093	0x3A02      	XORLW      2
0x0094	0x1903      	BTFSC      STATUS, 2
0x0095	0x2880      	GOTO       L_Lcd_Out14
0x0096	0x0850      	MOVF       FARG_Lcd_Out_row, 0
0x0097	0x3A03      	XORLW      3
0x0098	0x1903      	BTFSC      STATUS, 2
0x0099	0x2883      	GOTO       L_Lcd_Out15
0x009A	0x0850      	MOVF       FARG_Lcd_Out_row, 0
0x009B	0x3A04      	XORLW      4
0x009C	0x1903      	BTFSC      STATUS, 2
0x009D	0x2886      	GOTO       L_Lcd_Out16
0x009E	0x2889      	GOTO       L_Lcd_Out17
L_Lcd_Out12:
;__Lib_Lcd.c,194 :: 		
0x009F	0x0351      	DECF       FARG_Lcd_Out_column, 0
0x00A0	0x00F0      	MOVWF      R0
0x00A1	0x0850      	MOVF       FARG_Lcd_Out_row, 0
0x00A2	0x07F0      	ADDWF      R0, 1
0x00A3	0x0870      	MOVF       R0, 0
0x00A4	0x00D0      	MOVWF      FARG_Lcd_Out_row
;__Lib_Lcd.c,196 :: 		
0x00A5	0x0870      	MOVF       R0, 0
0x00A6	0x00D5      	MOVWF      FARG_Lcd_Cmd_out_char
0x00A7	0x201A      	CALL       _Lcd_Cmd
;__Lib_Lcd.c,197 :: 		
0x00A8	0x106F      	BCF        __Lib_Lcd_cmd_status, BitPos(__Lib_Lcd_cmd_status+0)
;__Lib_Lcd.c,198 :: 		
0x00A9	0x1683      	BSF        STATUS, 5
0x00AA	0x01D3      	CLRF       Lcd_Out_i_L0
;__Lib_Lcd.c,199 :: 		
L_Lcd_Out18:
0x00AB	0x0853      	MOVF       Lcd_Out_i_L0, 0
0x00AC	0x0752      	ADDWF      FARG_Lcd_Out_text, 0
0x00AD	0x0084      	MOVWF      FSR
0x00AE	0x0800      	MOVF       INDF, 0
0x00AF	0x1903      	BTFSC      STATUS, 2
0x00B0	0x28BA      	GOTO       L_Lcd_Out19
;__Lib_Lcd.c,200 :: 		
0x00B1	0x0853      	MOVF       Lcd_Out_i_L0, 0
0x00B2	0x0752      	ADDWF      FARG_Lcd_Out_text, 0
0x00B3	0x0084      	MOVWF      FSR
0x00B4	0x0800      	MOVF       INDF, 0
0x00B5	0x00D4      	MOVWF      FARG_Lcd_Chr_CP_out_char
0x00B6	0x2071      	CALL       _Lcd_Chr_CP
0x00B7	0x1683      	BSF        STATUS, 5
0x00B8	0x0AD3      	INCF       Lcd_Out_i_L0, 1
0x00B9	0x28AB      	GOTO       L_Lcd_Out18
L_Lcd_Out19:
;__Lib_Lcd.c,201 :: 		
0x00BA	0x1283      	BCF        STATUS, 5
0x00BB	0x146F      	BSF        __Lib_Lcd_cmd_status, BitPos(__Lib_Lcd_cmd_status+0)
;__Lib_Lcd.c,202 :: 		
L_end_Lcd_Out:
0x00BC	0x0008      	RETURN
; end of _Lcd_Out
_delay500us:
;transmitter.c,99 :: 		void delay500us(){
;transmitter.c,100 :: 		counter=0;
0x00BD	0x1683      	BSF        STATUS, 5
0x00BE	0x1303      	BCF        STATUS, 6
0x00BF	0x01C2      	CLRF       _counter
0x00C0	0x01C3      	CLRF       _counter+1
;transmitter.c,101 :: 		TMR0=0;
0x00C1	0x1283      	BCF        STATUS, 5
0x00C2	0x0181      	CLRF       TMR0
;transmitter.c,102 :: 		OPTION_REG=0xd2;
0x00C3	0x30D2      	MOVLW      210
0x00C4	0x1683      	BSF        STATUS, 5
0x00C5	0x0081      	MOVWF      OPTION_REG
;transmitter.c,103 :: 		INTCON=0x00;
0x00C6	0x018B      	CLRF       INTCON
;transmitter.c,104 :: 		TMR0IE_bit=1;
0x00C7	0x168B      	BSF        TMR0IE_bit, 5
;transmitter.c,105 :: 		while(1){
L_delay500us12:
;transmitter.c,106 :: 		if(TMR0IF_bit){
0x00C8	0x1D0B      	BTFSS      TMR0IF_bit, 2
0x00C9	0x28CE      	GOTO       L_delay500us14
;transmitter.c,107 :: 		counter++;
0x00CA	0x0AC2      	INCF       _counter, 1
0x00CB	0x1903      	BTFSC      STATUS, 2
0x00CC	0x0AC3      	INCF       _counter+1, 1
;transmitter.c,108 :: 		TMR0IF_bit=0;
0x00CD	0x110B      	BCF        TMR0IF_bit, 2
;transmitter.c,109 :: 		}
L_delay500us14:
;transmitter.c,110 :: 		if(counter==15)break;
0x00CE	0x3000      	MOVLW      0
0x00CF	0x0643      	XORWF      _counter+1, 0
0x00D0	0x1D03      	BTFSS      STATUS, 2
0x00D1	0x28D4      	GOTO       L__delay500us68
0x00D2	0x300F      	MOVLW      15
0x00D3	0x0642      	XORWF      _counter, 0
L__delay500us68:
0x00D4	0x1D03      	BTFSS      STATUS, 2
0x00D5	0x28D7      	GOTO       L_delay500us15
0x00D6	0x28D8      	GOTO       L_delay500us13
L_delay500us15:
;transmitter.c,111 :: 		}
0x00D7	0x28C8      	GOTO       L_delay500us12
L_delay500us13:
;transmitter.c,114 :: 		}
L_end_delay500us:
0x00D8	0x0008      	RETURN
; end of _delay500us
_initial:
;transmitter.c,61 :: 		void initial(){
;transmitter.c,62 :: 		Lcd_Cmd(_LCD_CLEAR);
0x00D9	0x3001      	MOVLW      1
0x00DA	0x1683      	BSF        STATUS, 5
0x00DB	0x1303      	BCF        STATUS, 6
0x00DC	0x00D5      	MOVWF      FARG_Lcd_Cmd_out_char
0x00DD	0x201A      	CALL       _Lcd_Cmd
;transmitter.c,63 :: 		Lcd_Out(1,1,msg4);
0x00DE	0x3001      	MOVLW      1
0x00DF	0x1683      	BSF        STATUS, 5
0x00E0	0x00D0      	MOVWF      FARG_Lcd_Out_row
0x00E1	0x3001      	MOVLW      1
0x00E2	0x00D1      	MOVWF      FARG_Lcd_Out_column
0x00E3	0x3038      	MOVLW      _msg4
0x00E4	0x00D2      	MOVWF      FARG_Lcd_Out_text
0x00E5	0x207A      	CALL       _Lcd_Out
;transmitter.c,64 :: 		Lcd_Out(2,1,msg5);
0x00E6	0x3002      	MOVLW      2
0x00E7	0x1683      	BSF        STATUS, 5
0x00E8	0x00D0      	MOVWF      FARG_Lcd_Out_row
0x00E9	0x3001      	MOVLW      1
0x00EA	0x00D1      	MOVWF      FARG_Lcd_Out_column
0x00EB	0x304B      	MOVLW      _msg5
0x00EC	0x00D2      	MOVWF      FARG_Lcd_Out_text
0x00ED	0x207A      	CALL       _Lcd_Out
;transmitter.c,65 :: 		}
L_end_initial:
0x00EE	0x0008      	RETURN
; end of _initial
_preamble:
;transmitter.c,116 :: 		void preamble(){
;transmitter.c,118 :: 		for(i=0; i<20; i++){
0x00EF	0x1683      	BSF        STATUS, 5
0x00F0	0x1303      	BCF        STATUS, 6
0x00F1	0x01CC      	CLRF       preamble_i_L0
0x00F2	0x01CD      	CLRF       preamble_i_L0+1
L_preamble16:
0x00F3	0x3080      	MOVLW      128
0x00F4	0x064D      	XORWF      preamble_i_L0+1, 0
0x00F5	0x00F0      	MOVWF      R0
0x00F6	0x3080      	MOVLW      128
0x00F7	0x0270      	SUBWF      R0, 0
0x00F8	0x1D03      	BTFSS      STATUS, 2
0x00F9	0x28FC      	GOTO       L__preamble70
0x00FA	0x3014      	MOVLW      20
0x00FB	0x024C      	SUBWF      preamble_i_L0, 0
L__preamble70:
0x00FC	0x1803      	BTFSC      STATUS, 0
0x00FD	0x2908      	GOTO       L_preamble17
;transmitter.c,119 :: 		PORTC.F0=1;
0x00FE	0x1283      	BCF        STATUS, 5
0x00FF	0x1407      	BSF        PORTC, 0
;transmitter.c,120 :: 		delay500us();
0x0100	0x20BD      	CALL       _delay500us
;transmitter.c,121 :: 		PORTC.F0=0;
0x0101	0x1283      	BCF        STATUS, 5
0x0102	0x1007      	BCF        PORTC, 0
;transmitter.c,122 :: 		delay500us();
0x0103	0x20BD      	CALL       _delay500us
;transmitter.c,118 :: 		for(i=0; i<20; i++){
0x0104	0x0ACC      	INCF       preamble_i_L0, 1
0x0105	0x1903      	BTFSC      STATUS, 2
0x0106	0x0ACD      	INCF       preamble_i_L0+1, 1
;transmitter.c,123 :: 		}
0x0107	0x28F3      	GOTO       L_preamble16
L_preamble17:
;transmitter.c,124 :: 		}
L_end_preamble:
0x0108	0x0008      	RETURN
; end of _preamble
_delay3ms:
;transmitter.c,81 :: 		void delay3ms(){
;transmitter.c,82 :: 		counter=0;
0x0109	0x1683      	BSF        STATUS, 5
0x010A	0x1303      	BCF        STATUS, 6
0x010B	0x01C2      	CLRF       _counter
0x010C	0x01C3      	CLRF       _counter+1
;transmitter.c,83 :: 		TMR0=0;
0x010D	0x1283      	BCF        STATUS, 5
0x010E	0x0181      	CLRF       TMR0
;transmitter.c,84 :: 		OPTION_REG=0xd2;
0x010F	0x30D2      	MOVLW      210
0x0110	0x1683      	BSF        STATUS, 5
0x0111	0x0081      	MOVWF      OPTION_REG
;transmitter.c,85 :: 		INTCON=0x00;
0x0112	0x018B      	CLRF       INTCON
;transmitter.c,86 :: 		TMR0IE_bit=1;
0x0113	0x168B      	BSF        TMR0IE_bit, 5
;transmitter.c,87 :: 		TMR0IF_bit=0;
0x0114	0x110B      	BCF        TMR0IF_bit, 2
;transmitter.c,88 :: 		while(1){
L_delay3ms8:
;transmitter.c,89 :: 		if(TMR0IF_bit){
0x0115	0x1D0B      	BTFSS      TMR0IF_bit, 2
0x0116	0x291B      	GOTO       L_delay3ms10
;transmitter.c,90 :: 		counter++;
0x0117	0x0AC2      	INCF       _counter, 1
0x0118	0x1903      	BTFSC      STATUS, 2
0x0119	0x0AC3      	INCF       _counter+1, 1
;transmitter.c,91 :: 		TMR0IF_bit=0;
0x011A	0x110B      	BCF        TMR0IF_bit, 2
;transmitter.c,92 :: 		}
L_delay3ms10:
;transmitter.c,93 :: 		if(counter==93)break;
0x011B	0x3000      	MOVLW      0
0x011C	0x0643      	XORWF      _counter+1, 0
0x011D	0x1D03      	BTFSS      STATUS, 2
0x011E	0x2921      	GOTO       L__delay3ms66
0x011F	0x305D      	MOVLW      93
0x0120	0x0642      	XORWF      _counter, 0
L__delay3ms66:
0x0121	0x1D03      	BTFSS      STATUS, 2
0x0122	0x2924      	GOTO       L_delay3ms11
0x0123	0x2925      	GOTO       L_delay3ms9
L_delay3ms11:
;transmitter.c,94 :: 		}
0x0124	0x2915      	GOTO       L_delay3ms8
L_delay3ms9:
;transmitter.c,97 :: 		}
L_end_delay3ms:
0x0125	0x0008      	RETURN
; end of _delay3ms
_bitRead:
;transmitter.c,75 :: 		int bitRead(int signal,int bitPosition){
;transmitter.c,76 :: 		bitManipulate=0x01;
0x0126	0x3001      	MOVLW      1
0x0127	0x1683      	BSF        STATUS, 5
0x0128	0x1303      	BCF        STATUS, 6
0x0129	0x00C4      	MOVWF      _bitManipulate
0x012A	0x3000      	MOVLW      0
0x012B	0x00C5      	MOVWF      _bitManipulate+1
;transmitter.c,77 :: 		bitManipulate<<=bitPosition;
0x012C	0x084E      	MOVF       FARG_bitRead_bitPosition, 0
0x012D	0x00F2      	MOVWF      R2
0x012E	0x0844      	MOVF       _bitManipulate, 0
0x012F	0x00F0      	MOVWF      R0
0x0130	0x0845      	MOVF       _bitManipulate+1, 0
0x0131	0x00F1      	MOVWF      R0+1
0x0132	0x0872      	MOVF       R2, 0
L__bitRead63:
0x0133	0x1903      	BTFSC      STATUS, 2
0x0134	0x293A      	GOTO       L__bitRead64
0x0135	0x0DF0      	RLF        R0, 1
0x0136	0x0DF1      	RLF        R0+1, 1
0x0137	0x1070      	BCF        R0, 0
0x0138	0x3EFF      	ADDLW      255
0x0139	0x2933      	GOTO       L__bitRead63
L__bitRead64:
0x013A	0x0870      	MOVF       R0, 0
0x013B	0x00C4      	MOVWF      _bitManipulate
0x013C	0x0871      	MOVF       R0+1, 0
0x013D	0x00C5      	MOVWF      _bitManipulate+1
;transmitter.c,78 :: 		return (signal&bitManipulate);
0x013E	0x084C      	MOVF       FARG_bitRead_signal, 0
0x013F	0x05F0      	ANDWF      R0, 1
0x0140	0x084D      	MOVF       FARG_bitRead_signal+1, 0
0x0141	0x05F1      	ANDWF      R0+1, 1
;transmitter.c,79 :: 		}
L_end_bitRead:
0x0142	0x0008      	RETURN
; end of _bitRead
_transmitSignal:
;transmitter.c,128 :: 		void transmitSignal(int signal){
;transmitter.c,130 :: 		preamble();
0x0143	0x20EF      	CALL       _preamble
;transmitter.c,131 :: 		PORTC.F0=1;
0x0144	0x1283      	BCF        STATUS, 5
0x0145	0x1407      	BSF        PORTC, 0
;transmitter.c,132 :: 		delay3ms();
0x0146	0x2109      	CALL       _delay3ms
;transmitter.c,133 :: 		PORTC.F0=0;
0x0147	0x1283      	BCF        STATUS, 5
0x0148	0x1007      	BCF        PORTC, 0
;transmitter.c,134 :: 		delay500us();
0x0149	0x20BD      	CALL       _delay500us
;transmitter.c,135 :: 		for(j=7; j>=0; j--){
0x014A	0x3007      	MOVLW      7
0x014B	0x00CA      	MOVWF      transmitSignal_j_L0
0x014C	0x3000      	MOVLW      0
0x014D	0x00CB      	MOVWF      transmitSignal_j_L0+1
L_transmitSignal19:
0x014E	0x3080      	MOVLW      128
0x014F	0x064B      	XORWF      transmitSignal_j_L0+1, 0
0x0150	0x00F0      	MOVWF      R0
0x0151	0x3080      	MOVLW      128
0x0152	0x0270      	SUBWF      R0, 0
0x0153	0x1D03      	BTFSS      STATUS, 2
0x0154	0x2957      	GOTO       L__transmitSignal72
0x0155	0x3000      	MOVLW      0
0x0156	0x024A      	SUBWF      transmitSignal_j_L0, 0
L__transmitSignal72:
0x0157	0x1C03      	BTFSS      STATUS, 0
0x0158	0x2975      	GOTO       L_transmitSignal20
;transmitter.c,136 :: 		if(bitRead(signal,j)!=0){
0x0159	0x0848      	MOVF       FARG_transmitSignal_signal, 0
0x015A	0x00CC      	MOVWF      FARG_bitRead_signal
0x015B	0x0849      	MOVF       FARG_transmitSignal_signal+1, 0
0x015C	0x00CD      	MOVWF      FARG_bitRead_signal+1
0x015D	0x084A      	MOVF       transmitSignal_j_L0, 0
0x015E	0x00CE      	MOVWF      FARG_bitRead_bitPosition
0x015F	0x084B      	MOVF       transmitSignal_j_L0+1, 0
0x0160	0x00CF      	MOVWF      FARG_bitRead_bitPosition+1
0x0161	0x2126      	CALL       _bitRead
0x0162	0x3000      	MOVLW      0
0x0163	0x0671      	XORWF      R0+1, 0
0x0164	0x1D03      	BTFSS      STATUS, 2
0x0165	0x2968      	GOTO       L__transmitSignal73
0x0166	0x3000      	MOVLW      0
0x0167	0x0670      	XORWF      R0, 0
L__transmitSignal73:
0x0168	0x1903      	BTFSC      STATUS, 2
0x0169	0x296D      	GOTO       L_transmitSignal22
;transmitter.c,137 :: 		PORTC.F0=1;
0x016A	0x1283      	BCF        STATUS, 5
0x016B	0x1407      	BSF        PORTC, 0
;transmitter.c,138 :: 		}else{
0x016C	0x296F      	GOTO       L_transmitSignal23
L_transmitSignal22:
0x016D	0x1283      	BCF        STATUS, 5
;transmitter.c,139 :: 		PORTC.F0=0;
0x016E	0x1007      	BCF        PORTC, 0
;transmitter.c,140 :: 		}
L_transmitSignal23:
;transmitter.c,141 :: 		delay500us();
0x016F	0x20BD      	CALL       _delay500us
;transmitter.c,135 :: 		for(j=7; j>=0; j--){
0x0170	0x3001      	MOVLW      1
0x0171	0x02CA      	SUBWF      transmitSignal_j_L0, 1
0x0172	0x1C03      	BTFSS      STATUS, 0
0x0173	0x03CB      	DECF       transmitSignal_j_L0+1, 1
;transmitter.c,142 :: 		}
0x0174	0x294E      	GOTO       L_transmitSignal19
L_transmitSignal20:
;transmitter.c,143 :: 		PORTC.F0=0;
0x0175	0x1283      	BCF        STATUS, 5
0x0176	0x1007      	BCF        PORTC, 0
;transmitter.c,144 :: 		initial();
0x0177	0x20D9      	CALL       _initial
;transmitter.c,145 :: 		}
L_end_transmitSignal:
0x0178	0x0008      	RETURN
; end of _transmitSignal
_encodeSignal:
;transmitter.c,149 :: 		int encodeSignal(int rawSignal){
;transmitter.c,151 :: 		int encodedSignal=0x00;
0x0179	0x1683      	BSF        STATUS, 5
0x017A	0x1303      	BCF        STATUS, 6
0x017B	0x01CA      	CLRF       encodeSignal_encodedSignal_L0
0x017C	0x01CB      	CLRF       encodeSignal_encodedSignal_L0+1
;transmitter.c,152 :: 		for(i=0; i<4; i++){
0x017D	0x01F3      	CLRF       R3
0x017E	0x01F4      	CLRF       R3+1
L_encodeSignal24:
0x017F	0x3080      	MOVLW      128
0x0180	0x0674      	XORWF      R3+1, 0
0x0181	0x00F0      	MOVWF      R0
0x0182	0x3080      	MOVLW      128
0x0183	0x0270      	SUBWF      R0, 0
0x0184	0x1D03      	BTFSS      STATUS, 2
0x0185	0x2988      	GOTO       L__encodeSignal75
0x0186	0x3004      	MOVLW      4
0x0187	0x0273      	SUBWF      R3, 0
L__encodeSignal75:
0x0188	0x1803      	BTFSC      STATUS, 0
0x0189	0x29B5      	GOTO       L_encodeSignal25
;transmitter.c,153 :: 		if((rawSignal&0x08)==0x08){
0x018A	0x3008      	MOVLW      8
0x018B	0x0548      	ANDWF      FARG_encodeSignal_rawSignal, 0
0x018C	0x00F1      	MOVWF      R1
0x018D	0x0849      	MOVF       FARG_encodeSignal_rawSignal+1, 0
0x018E	0x00F2      	MOVWF      R1+1
0x018F	0x3000      	MOVLW      0
0x0190	0x05F2      	ANDWF      R1+1, 1
0x0191	0x3000      	MOVLW      0
0x0192	0x0672      	XORWF      R1+1, 0
0x0193	0x1D03      	BTFSS      STATUS, 2
0x0194	0x2997      	GOTO       L__encodeSignal76
0x0195	0x3008      	MOVLW      8
0x0196	0x0671      	XORWF      R1, 0
L__encodeSignal76:
0x0197	0x1D03      	BTFSS      STATUS, 2
0x0198	0x29A4      	GOTO       L_encodeSignal27
;transmitter.c,154 :: 		encodedSignal^=0x02;
0x0199	0x3002      	MOVLW      2
0x019A	0x06CA      	XORWF      encodeSignal_encodedSignal_L0, 1
0x019B	0x3000      	MOVLW      0
0x019C	0x06CB      	XORWF      encodeSignal_encodedSignal_L0+1, 1
;transmitter.c,155 :: 		encodedSignal<<=2;
0x019D	0x0DCA      	RLF        encodeSignal_encodedSignal_L0, 1
0x019E	0x0DCB      	RLF        encodeSignal_encodedSignal_L0+1, 1
0x019F	0x104A      	BCF        encodeSignal_encodedSignal_L0, 0
0x01A0	0x0DCA      	RLF        encodeSignal_encodedSignal_L0, 1
0x01A1	0x0DCB      	RLF        encodeSignal_encodedSignal_L0+1, 1
0x01A2	0x104A      	BCF        encodeSignal_encodedSignal_L0, 0
;transmitter.c,156 :: 		}else{
0x01A3	0x29AE      	GOTO       L_encodeSignal28
L_encodeSignal27:
;transmitter.c,157 :: 		encodedSignal^=0x01;
0x01A4	0x3001      	MOVLW      1
0x01A5	0x06CA      	XORWF      encodeSignal_encodedSignal_L0, 1
0x01A6	0x3000      	MOVLW      0
0x01A7	0x06CB      	XORWF      encodeSignal_encodedSignal_L0+1, 1
;transmitter.c,158 :: 		encodedSignal<<=2;
0x01A8	0x0DCA      	RLF        encodeSignal_encodedSignal_L0, 1
0x01A9	0x0DCB      	RLF        encodeSignal_encodedSignal_L0+1, 1
0x01AA	0x104A      	BCF        encodeSignal_encodedSignal_L0, 0
0x01AB	0x0DCA      	RLF        encodeSignal_encodedSignal_L0, 1
0x01AC	0x0DCB      	RLF        encodeSignal_encodedSignal_L0+1, 1
0x01AD	0x104A      	BCF        encodeSignal_encodedSignal_L0, 0
;transmitter.c,159 :: 		}
L_encodeSignal28:
;transmitter.c,161 :: 		rawSignal=rawSignal<<1;
0x01AE	0x0DC8      	RLF        FARG_encodeSignal_rawSignal, 1
0x01AF	0x0DC9      	RLF        FARG_encodeSignal_rawSignal+1, 1
0x01B0	0x1048      	BCF        FARG_encodeSignal_rawSignal, 0
;transmitter.c,152 :: 		for(i=0; i<4; i++){
0x01B1	0x0AF3      	INCF       R3, 1
0x01B2	0x1903      	BTFSC      STATUS, 2
0x01B3	0x0AF4      	INCF       R3+1, 1
;transmitter.c,162 :: 		}
0x01B4	0x297F      	GOTO       L_encodeSignal24
L_encodeSignal25:
;transmitter.c,163 :: 		return encodedSignal>>2;
0x01B5	0x084A      	MOVF       encodeSignal_encodedSignal_L0, 0
0x01B6	0x00F0      	MOVWF      R0
0x01B7	0x084B      	MOVF       encodeSignal_encodedSignal_L0+1, 0
0x01B8	0x00F1      	MOVWF      R0+1
0x01B9	0x0CF1      	RRF        R0+1, 1
0x01BA	0x0CF0      	RRF        R0, 1
0x01BB	0x13F1      	BCF        R0+1, 7
0x01BC	0x1B71      	BTFSC      R0+1, 6
0x01BD	0x17F1      	BSF        R0+1, 7
0x01BE	0x0CF1      	RRF        R0+1, 1
0x01BF	0x0CF0      	RRF        R0, 1
0x01C0	0x13F1      	BCF        R0+1, 7
0x01C1	0x1B71      	BTFSC      R0+1, 6
0x01C2	0x17F1      	BSF        R0+1, 7
;transmitter.c,164 :: 		}
L_end_encodeSignal:
0x01C3	0x0008      	RETURN
; end of _encodeSignal
_show:
;transmitter.c,67 :: 		void show(char value[]){
;transmitter.c,68 :: 		Lcd_Out(1,1,msg1);
0x01C4	0x3001      	MOVLW      1
0x01C5	0x1683      	BSF        STATUS, 5
0x01C6	0x1303      	BCF        STATUS, 6
0x01C7	0x00D0      	MOVWF      FARG_Lcd_Out_row
0x01C8	0x3001      	MOVLW      1
0x01C9	0x00D1      	MOVWF      FARG_Lcd_Out_column
0x01CA	0x30B6      	MOVLW      _msg1
0x01CB	0x00D2      	MOVWF      FARG_Lcd_Out_text
0x01CC	0x207A      	CALL       _Lcd_Out
;transmitter.c,69 :: 		Lcd_Out(1,10,value);
0x01CD	0x3001      	MOVLW      1
0x01CE	0x1683      	BSF        STATUS, 5
0x01CF	0x00D0      	MOVWF      FARG_Lcd_Out_row
0x01D0	0x300A      	MOVLW      10
0x01D1	0x00D1      	MOVWF      FARG_Lcd_Out_column
0x01D2	0x0848      	MOVF       FARG_show_value, 0
0x01D3	0x00D2      	MOVWF      FARG_Lcd_Out_text
0x01D4	0x207A      	CALL       _Lcd_Out
;transmitter.c,70 :: 		Lcd_Out(1,12,msg3);
0x01D5	0x3001      	MOVLW      1
0x01D6	0x1683      	BSF        STATUS, 5
0x01D7	0x00D0      	MOVWF      FARG_Lcd_Out_row
0x01D8	0x300C      	MOVLW      12
0x01D9	0x00D1      	MOVWF      FARG_Lcd_Out_column
0x01DA	0x30B1      	MOVLW      _msg3
0x01DB	0x00D2      	MOVWF      FARG_Lcd_Out_text
0x01DC	0x207A      	CALL       _Lcd_Out
;transmitter.c,71 :: 		Lcd_Out(2,1,msg2);
0x01DD	0x3002      	MOVLW      2
0x01DE	0x1683      	BSF        STATUS, 5
0x01DF	0x00D0      	MOVWF      FARG_Lcd_Out_row
0x01E0	0x3001      	MOVLW      1
0x01E1	0x00D1      	MOVWF      FARG_Lcd_Out_column
0x01E2	0x30A0      	MOVLW      _msg2
0x01E3	0x00D2      	MOVWF      FARG_Lcd_Out_text
0x01E4	0x207A      	CALL       _Lcd_Out
;transmitter.c,72 :: 		}
L_end_show:
0x01E5	0x0008      	RETURN
; end of _show
_____DoICP:
;__Lib_System.c,6 :: 		
;__Lib_System.c,9 :: 		
0x01E6	0x1683      	BSF        STATUS, 5
0x01E7	0x1303      	BCF        STATUS, 6
0x01E8	0x0841      	MOVF       ___DoICPAddr+1, 0
0x01E9	0x008A      	MOVWF      PCLATH
;__Lib_System.c,10 :: 		
0x01EA	0x0840      	MOVF       ___DoICPAddr, 0
0x01EB	0x0082      	MOVWF      PCL
;__Lib_System.c,12 :: 		
L_end_____DoICP:
0x01EC	0x0008      	RETURN
; end of _____DoICP
_Lcd_Init:
;__Lib_Lcd.c,84 :: 		
;__Lib_Lcd.c,86 :: 		
0x01ED	0x1683      	BSF        STATUS, 5
0x01EE	0x1303      	BCF        STATUS, 6
0x01EF	0x1307      	BCF        LCD_EN_Direction, BitPos(LCD_EN_Direction+0)
;__Lib_Lcd.c,87 :: 		
0x01F0	0x1387      	BCF        LCD_RS_Direction, BitPos(LCD_RS_Direction+0)
;__Lib_Lcd.c,88 :: 		
0x01F1	0x1108      	BCF        LCD_D4_Direction, BitPos(LCD_D4_Direction+0)
;__Lib_Lcd.c,89 :: 		
0x01F2	0x1188      	BCF        LCD_D5_Direction, BitPos(LCD_D5_Direction+0)
;__Lib_Lcd.c,90 :: 		
0x01F3	0x1207      	BCF        LCD_D6_Direction, BitPos(LCD_D6_Direction+0)
;__Lib_Lcd.c,91 :: 		
0x01F4	0x1287      	BCF        LCD_D7_Direction, BitPos(LCD_D7_Direction+0)
;__Lib_Lcd.c,93 :: 		
0x01F5	0x1283      	BCF        STATUS, 5
0x01F6	0x1307      	BCF        LCD_EN, BitPos(LCD_EN+0)
;__Lib_Lcd.c,94 :: 		
0x01F7	0x1387      	BCF        LCD_RS, BitPos(LCD_RS+0)
;__Lib_Lcd.c,95 :: 		
0x01F8	0x1287      	BCF        LCD_D7, BitPos(LCD_D7+0)
;__Lib_Lcd.c,96 :: 		
0x01F9	0x1207      	BCF        LCD_D6, BitPos(LCD_D6+0)
;__Lib_Lcd.c,97 :: 		
0x01FA	0x1188      	BCF        LCD_D5, BitPos(LCD_D5+0)
;__Lib_Lcd.c,98 :: 		
0x01FB	0x1108      	BCF        LCD_D4, BitPos(LCD_D4+0)
;__Lib_Lcd.c,100 :: 		
0x01FC	0x200A      	CALL       _Delay_5500us
;__Lib_Lcd.c,101 :: 		
0x01FD	0x200A      	CALL       _Delay_5500us
;__Lib_Lcd.c,102 :: 		
0x01FE	0x200A      	CALL       _Delay_5500us
;__Lib_Lcd.c,105 :: 		
0x01FF	0x1588      	BSF        LCD_D5, BitPos(LCD_D5+0)
;__Lib_Lcd.c,106 :: 		
0x0200	0x1508      	BSF        LCD_D4, BitPos(LCD_D4+0)
;__Lib_Lcd.c,107 :: 		
0x0201	0x1707      	BSF        LCD_EN, BitPos(LCD_EN+0)
;__Lib_Lcd.c,108 :: 		
0x0202	0x2017      	CALL       _Delay_1us
;__Lib_Lcd.c,109 :: 		
0x0203	0x1307      	BCF        LCD_EN, BitPos(LCD_EN+0)
;__Lib_Lcd.c,110 :: 		
0x0204	0x200A      	CALL       _Delay_5500us
;__Lib_Lcd.c,112 :: 		
0x0205	0x1707      	BSF        LCD_EN, BitPos(LCD_EN+0)
;__Lib_Lcd.c,113 :: 		
0x0206	0x2017      	CALL       _Delay_1us
;__Lib_Lcd.c,114 :: 		
0x0207	0x1307      	BCF        LCD_EN, BitPos(LCD_EN+0)
;__Lib_Lcd.c,115 :: 		
0x0208	0x200A      	CALL       _Delay_5500us
;__Lib_Lcd.c,117 :: 		
0x0209	0x1707      	BSF        LCD_EN, BitPos(LCD_EN+0)
;__Lib_Lcd.c,118 :: 		
0x020A	0x2017      	CALL       _Delay_1us
;__Lib_Lcd.c,119 :: 		
0x020B	0x1307      	BCF        LCD_EN, BitPos(LCD_EN+0)
;__Lib_Lcd.c,120 :: 		
0x020C	0x200A      	CALL       _Delay_5500us
;__Lib_Lcd.c,123 :: 		
0x020D	0x1108      	BCF        LCD_D4, BitPos(LCD_D4+0)
;__Lib_Lcd.c,124 :: 		
0x020E	0x1707      	BSF        LCD_EN, BitPos(LCD_EN+0)
;__Lib_Lcd.c,125 :: 		
0x020F	0x2017      	CALL       _Delay_1us
;__Lib_Lcd.c,126 :: 		
0x0210	0x1307      	BCF        LCD_EN, BitPos(LCD_EN+0)
;__Lib_Lcd.c,127 :: 		
0x0211	0x200A      	CALL       _Delay_5500us
;__Lib_Lcd.c,130 :: 		
0x0212	0x1707      	BSF        LCD_EN, BitPos(LCD_EN+0)
;__Lib_Lcd.c,131 :: 		
0x0213	0x2017      	CALL       _Delay_1us
;__Lib_Lcd.c,132 :: 		
0x0214	0x1307      	BCF        LCD_EN, BitPos(LCD_EN+0)
;__Lib_Lcd.c,134 :: 		
0x0215	0x1188      	BCF        LCD_D5, BitPos(LCD_D5+0)
;__Lib_Lcd.c,135 :: 		
0x0216	0x1687      	BSF        LCD_D7, BitPos(LCD_D7+0)
;__Lib_Lcd.c,136 :: 		
0x0217	0x1707      	BSF        LCD_EN, BitPos(LCD_EN+0)
;__Lib_Lcd.c,137 :: 		
0x0218	0x2017      	CALL       _Delay_1us
;__Lib_Lcd.c,138 :: 		
0x0219	0x1307      	BCF        LCD_EN, BitPos(LCD_EN+0)
;__Lib_Lcd.c,139 :: 		
0x021A	0x200A      	CALL       _Delay_5500us
;__Lib_Lcd.c,142 :: 		
0x021B	0x1287      	BCF        LCD_D7, BitPos(LCD_D7+0)
;__Lib_Lcd.c,143 :: 		
0x021C	0x1508      	BSF        LCD_D4, BitPos(LCD_D4+0)
;__Lib_Lcd.c,144 :: 		
0x021D	0x1707      	BSF        LCD_EN, BitPos(LCD_EN+0)
;__Lib_Lcd.c,145 :: 		
0x021E	0x2017      	CALL       _Delay_1us
;__Lib_Lcd.c,146 :: 		
0x021F	0x1307      	BCF        LCD_EN, BitPos(LCD_EN+0)
;__Lib_Lcd.c,148 :: 		
0x0220	0x1108      	BCF        LCD_D4, BitPos(LCD_D4+0)
;__Lib_Lcd.c,149 :: 		
0x0221	0x1707      	BSF        LCD_EN, BitPos(LCD_EN+0)
;__Lib_Lcd.c,150 :: 		
0x0222	0x2017      	CALL       _Delay_1us
;__Lib_Lcd.c,151 :: 		
0x0223	0x1307      	BCF        LCD_EN, BitPos(LCD_EN+0)
;__Lib_Lcd.c,152 :: 		
0x0224	0x200A      	CALL       _Delay_5500us
;__Lib_Lcd.c,155 :: 		
0x0225	0x1707      	BSF        LCD_EN, BitPos(LCD_EN+0)
;__Lib_Lcd.c,156 :: 		
0x0226	0x2017      	CALL       _Delay_1us
;__Lib_Lcd.c,157 :: 		
0x0227	0x1307      	BCF        LCD_EN, BitPos(LCD_EN+0)
;__Lib_Lcd.c,159 :: 		
0x0228	0x1508      	BSF        LCD_D4, BitPos(LCD_D4+0)
;__Lib_Lcd.c,160 :: 		
0x0229	0x1707      	BSF        LCD_EN, BitPos(LCD_EN+0)
;__Lib_Lcd.c,161 :: 		
0x022A	0x2017      	CALL       _Delay_1us
;__Lib_Lcd.c,162 :: 		
0x022B	0x1307      	BCF        LCD_EN, BitPos(LCD_EN+0)
;__Lib_Lcd.c,163 :: 		
0x022C	0x200A      	CALL       _Delay_5500us
;__Lib_Lcd.c,166 :: 		
0x022D	0x1108      	BCF        LCD_D4, BitPos(LCD_D4+0)
;__Lib_Lcd.c,167 :: 		
0x022E	0x1707      	BSF        LCD_EN, BitPos(LCD_EN+0)
;__Lib_Lcd.c,168 :: 		
0x022F	0x2017      	CALL       _Delay_1us
;__Lib_Lcd.c,169 :: 		
0x0230	0x1307      	BCF        LCD_EN, BitPos(LCD_EN+0)
;__Lib_Lcd.c,171 :: 		
0x0231	0x1687      	BSF        LCD_D7, BitPos(LCD_D7+0)
;__Lib_Lcd.c,172 :: 		
0x0232	0x1607      	BSF        LCD_D6, BitPos(LCD_D6+0)
;__Lib_Lcd.c,173 :: 		
0x0233	0x1588      	BSF        LCD_D5, BitPos(LCD_D5+0)
;__Lib_Lcd.c,174 :: 		
0x0234	0x1508      	BSF        LCD_D4, BitPos(LCD_D4+0)
;__Lib_Lcd.c,175 :: 		
0x0235	0x1707      	BSF        LCD_EN, BitPos(LCD_EN+0)
;__Lib_Lcd.c,176 :: 		
0x0236	0x2017      	CALL       _Delay_1us
;__Lib_Lcd.c,177 :: 		
0x0237	0x1307      	BCF        LCD_EN, BitPos(LCD_EN+0)
;__Lib_Lcd.c,179 :: 		
0x0238	0x200A      	CALL       _Delay_5500us
;__Lib_Lcd.c,181 :: 		
0x0239	0x146F      	BSF        __Lib_Lcd_cmd_status, BitPos(__Lib_Lcd_cmd_status+0)
;__Lib_Lcd.c,182 :: 		
L_end_Lcd_Init:
0x023A	0x0008      	RETURN
; end of _Lcd_Init
_scan:
;transmitter.c,184 :: 		void scan(){
;transmitter.c,186 :: 		PORTB=0x01;
0x023B	0x3001      	MOVLW      1
0x023C	0x1283      	BCF        STATUS, 5
0x023D	0x1303      	BCF        STATUS, 6
0x023E	0x0086      	MOVWF      PORTB
;transmitter.c,187 :: 		for(i=0; i<4; i++){
0x023F	0x1683      	BSF        STATUS, 5
0x0240	0x01C6      	CLRF       scan_i_L0
0x0241	0x01C7      	CLRF       scan_i_L0+1
L_scan32:
0x0242	0x3080      	MOVLW      128
0x0243	0x0647      	XORWF      scan_i_L0+1, 0
0x0244	0x00F0      	MOVWF      R0
0x0245	0x3080      	MOVLW      128
0x0246	0x0270      	SUBWF      R0, 0
0x0247	0x1D03      	BTFSS      STATUS, 2
0x0248	0x2A4B      	GOTO       L__scan79
0x0249	0x3004      	MOVLW      4
0x024A	0x0246      	SUBWF      scan_i_L0, 0
L__scan79:
0x024B	0x1803      	BTFSC      STATUS, 0
0x024C	0x2B79      	GOTO       L_scan33
;transmitter.c,188 :: 		if(RB0_bit){
0x024D	0x1283      	BCF        STATUS, 5
0x024E	0x1C06      	BTFSS      RB0_bit, 0
0x024F	0x2A92      	GOTO       L_scan35
;transmitter.c,189 :: 		if(RB4_bit){
0x0250	0x1E06      	BTFSS      RB4_bit, 4
0x0251	0x2A5F      	GOTO       L_scan36
;transmitter.c,190 :: 		show("00");
0x0252	0x302F      	MOVLW      ?lstr1_transmitter
0x0253	0x1683      	BSF        STATUS, 5
0x0254	0x00C8      	MOVWF      FARG_show_value
0x0255	0x21C4      	CALL       _show
;transmitter.c,191 :: 		transmitSignal(encodeSignal(0));
0x0256	0x1683      	BSF        STATUS, 5
0x0257	0x01C8      	CLRF       FARG_encodeSignal_rawSignal
0x0258	0x01C9      	CLRF       FARG_encodeSignal_rawSignal+1
0x0259	0x2179      	CALL       _encodeSignal
0x025A	0x0870      	MOVF       R0, 0
0x025B	0x00C8      	MOVWF      FARG_transmitSignal_signal
0x025C	0x0871      	MOVF       R0+1, 0
0x025D	0x00C9      	MOVWF      FARG_transmitSignal_signal+1
0x025E	0x2143      	CALL       _transmitSignal
;transmitter.c,192 :: 		}
L_scan36:
;transmitter.c,193 :: 		if(RB5_bit){
0x025F	0x1E86      	BTFSS      RB5_bit, 5
0x0260	0x2A70      	GOTO       L_scan37
;transmitter.c,194 :: 		show("01");
0x0261	0x3032      	MOVLW      ?lstr2_transmitter
0x0262	0x1683      	BSF        STATUS, 5
0x0263	0x00C8      	MOVWF      FARG_show_value
0x0264	0x21C4      	CALL       _show
;transmitter.c,195 :: 		transmitSignal(encodeSignal(1));
0x0265	0x3001      	MOVLW      1
0x0266	0x1683      	BSF        STATUS, 5
0x0267	0x00C8      	MOVWF      FARG_encodeSignal_rawSignal
0x0268	0x3000      	MOVLW      0
0x0269	0x00C9      	MOVWF      FARG_encodeSignal_rawSignal+1
0x026A	0x2179      	CALL       _encodeSignal
0x026B	0x0870      	MOVF       R0, 0
0x026C	0x00C8      	MOVWF      FARG_transmitSignal_signal
0x026D	0x0871      	MOVF       R0+1, 0
0x026E	0x00C9      	MOVWF      FARG_transmitSignal_signal+1
0x026F	0x2143      	CALL       _transmitSignal
;transmitter.c,196 :: 		}
L_scan37:
;transmitter.c,197 :: 		if(RB6_bit){
0x0270	0x1F06      	BTFSS      RB6_bit, 6
0x0271	0x2A81      	GOTO       L_scan38
;transmitter.c,198 :: 		show("02");
0x0272	0x302C      	MOVLW      ?lstr3_transmitter
0x0273	0x1683      	BSF        STATUS, 5
0x0274	0x00C8      	MOVWF      FARG_show_value
0x0275	0x21C4      	CALL       _show
;transmitter.c,199 :: 		transmitSignal(encodeSignal(2));
0x0276	0x3002      	MOVLW      2
0x0277	0x1683      	BSF        STATUS, 5
0x0278	0x00C8      	MOVWF      FARG_encodeSignal_rawSignal
0x0279	0x3000      	MOVLW      0
0x027A	0x00C9      	MOVWF      FARG_encodeSignal_rawSignal+1
0x027B	0x2179      	CALL       _encodeSignal
0x027C	0x0870      	MOVF       R0, 0
0x027D	0x00C8      	MOVWF      FARG_transmitSignal_signal
0x027E	0x0871      	MOVF       R0+1, 0
0x027F	0x00C9      	MOVWF      FARG_transmitSignal_signal+1
0x0280	0x2143      	CALL       _transmitSignal
;transmitter.c,200 :: 		}
L_scan38:
;transmitter.c,201 :: 		if(RB7_bit){
0x0281	0x1F86      	BTFSS      RB7_bit, 7
0x0282	0x2A92      	GOTO       L_scan39
;transmitter.c,202 :: 		show("03");
0x0283	0x3035      	MOVLW      ?lstr4_transmitter
0x0284	0x1683      	BSF        STATUS, 5
0x0285	0x00C8      	MOVWF      FARG_show_value
0x0286	0x21C4      	CALL       _show
;transmitter.c,203 :: 		transmitSignal(encodeSignal(3));
0x0287	0x3003      	MOVLW      3
0x0288	0x1683      	BSF        STATUS, 5
0x0289	0x00C8      	MOVWF      FARG_encodeSignal_rawSignal
0x028A	0x3000      	MOVLW      0
0x028B	0x00C9      	MOVWF      FARG_encodeSignal_rawSignal+1
0x028C	0x2179      	CALL       _encodeSignal
0x028D	0x0870      	MOVF       R0, 0
0x028E	0x00C8      	MOVWF      FARG_transmitSignal_signal
0x028F	0x0871      	MOVF       R0+1, 0
0x0290	0x00C9      	MOVWF      FARG_transmitSignal_signal+1
0x0291	0x2143      	CALL       _transmitSignal
;transmitter.c,204 :: 		}
L_scan39:
;transmitter.c,205 :: 		}
L_scan35:
;transmitter.c,207 :: 		if(RB1_bit){
0x0292	0x1C86      	BTFSS      RB1_bit, 1
0x0293	0x2AD8      	GOTO       L_scan40
;transmitter.c,208 :: 		if(RB4_bit){
0x0294	0x1E06      	BTFSS      RB4_bit, 4
0x0295	0x2AA5      	GOTO       L_scan41
;transmitter.c,209 :: 		show("04");
0x0296	0x305A      	MOVLW      ?lstr5_transmitter
0x0297	0x1683      	BSF        STATUS, 5
0x0298	0x00C8      	MOVWF      FARG_show_value
0x0299	0x21C4      	CALL       _show
;transmitter.c,210 :: 		transmitSignal(encodeSignal(4));
0x029A	0x3004      	MOVLW      4
0x029B	0x1683      	BSF        STATUS, 5
0x029C	0x00C8      	MOVWF      FARG_encodeSignal_rawSignal
0x029D	0x3000      	MOVLW      0
0x029E	0x00C9      	MOVWF      FARG_encodeSignal_rawSignal+1
0x029F	0x2179      	CALL       _encodeSignal
0x02A0	0x0870      	MOVF       R0, 0
0x02A1	0x00C8      	MOVWF      FARG_transmitSignal_signal
0x02A2	0x0871      	MOVF       R0+1, 0
0x02A3	0x00C9      	MOVWF      FARG_transmitSignal_signal+1
0x02A4	0x2143      	CALL       _transmitSignal
;transmitter.c,211 :: 		}
L_scan41:
;transmitter.c,212 :: 		if(RB5_bit){
0x02A5	0x1E86      	BTFSS      RB5_bit, 5
0x02A6	0x2AB6      	GOTO       L_scan42
;transmitter.c,213 :: 		show("05");
0x02A7	0x3048      	MOVLW      ?lstr6_transmitter
0x02A8	0x1683      	BSF        STATUS, 5
0x02A9	0x00C8      	MOVWF      FARG_show_value
0x02AA	0x21C4      	CALL       _show
;transmitter.c,214 :: 		transmitSignal(encodeSignal(5));
0x02AB	0x3005      	MOVLW      5
0x02AC	0x1683      	BSF        STATUS, 5
0x02AD	0x00C8      	MOVWF      FARG_encodeSignal_rawSignal
0x02AE	0x3000      	MOVLW      0
0x02AF	0x00C9      	MOVWF      FARG_encodeSignal_rawSignal+1
0x02B0	0x2179      	CALL       _encodeSignal
0x02B1	0x0870      	MOVF       R0, 0
0x02B2	0x00C8      	MOVWF      FARG_transmitSignal_signal
0x02B3	0x0871      	MOVF       R0+1, 0
0x02B4	0x00C9      	MOVWF      FARG_transmitSignal_signal+1
0x02B5	0x2143      	CALL       _transmitSignal
;transmitter.c,215 :: 		}
L_scan42:
;transmitter.c,216 :: 		if(RB6_bit){
0x02B6	0x1F06      	BTFSS      RB6_bit, 6
0x02B7	0x2AC7      	GOTO       L_scan43
;transmitter.c,217 :: 		show("06");
0x02B8	0x3029      	MOVLW      ?lstr7_transmitter
0x02B9	0x1683      	BSF        STATUS, 5
0x02BA	0x00C8      	MOVWF      FARG_show_value
0x02BB	0x21C4      	CALL       _show
;transmitter.c,218 :: 		transmitSignal(encodeSignal(6));
0x02BC	0x3006      	MOVLW      6
0x02BD	0x1683      	BSF        STATUS, 5
0x02BE	0x00C8      	MOVWF      FARG_encodeSignal_rawSignal
0x02BF	0x3000      	MOVLW      0
0x02C0	0x00C9      	MOVWF      FARG_encodeSignal_rawSignal+1
0x02C1	0x2179      	CALL       _encodeSignal
0x02C2	0x0870      	MOVF       R0, 0
0x02C3	0x00C8      	MOVWF      FARG_transmitSignal_signal
0x02C4	0x0871      	MOVF       R0+1, 0
0x02C5	0x00C9      	MOVWF      FARG_transmitSignal_signal+1
0x02C6	0x2143      	CALL       _transmitSignal
;transmitter.c,219 :: 		}
L_scan43:
;transmitter.c,220 :: 		if(RB7_bit){
0x02C7	0x1F86      	BTFSS      RB7_bit, 7
0x02C8	0x2AD8      	GOTO       L_scan44
;transmitter.c,221 :: 		show("07");
0x02C9	0x3023      	MOVLW      ?lstr8_transmitter
0x02CA	0x1683      	BSF        STATUS, 5
0x02CB	0x00C8      	MOVWF      FARG_show_value
0x02CC	0x21C4      	CALL       _show
;transmitter.c,222 :: 		transmitSignal(encodeSignal(7));
0x02CD	0x3007      	MOVLW      7
0x02CE	0x1683      	BSF        STATUS, 5
0x02CF	0x00C8      	MOVWF      FARG_encodeSignal_rawSignal
0x02D0	0x3000      	MOVLW      0
0x02D1	0x00C9      	MOVWF      FARG_encodeSignal_rawSignal+1
0x02D2	0x2179      	CALL       _encodeSignal
0x02D3	0x0870      	MOVF       R0, 0
0x02D4	0x00C8      	MOVWF      FARG_transmitSignal_signal
0x02D5	0x0871      	MOVF       R0+1, 0
0x02D6	0x00C9      	MOVWF      FARG_transmitSignal_signal+1
0x02D7	0x2143      	CALL       _transmitSignal
;transmitter.c,223 :: 		}
L_scan44:
;transmitter.c,224 :: 		}
L_scan40:
;transmitter.c,226 :: 		if(RB2_bit){
0x02D8	0x1D06      	BTFSS      RB2_bit, 2
0x02D9	0x2B1E      	GOTO       L_scan45
;transmitter.c,227 :: 		if(RB4_bit){
0x02DA	0x1E06      	BTFSS      RB4_bit, 4
0x02DB	0x2AEB      	GOTO       L_scan46
;transmitter.c,228 :: 		show("08");
0x02DC	0x3026      	MOVLW      ?lstr9_transmitter
0x02DD	0x1683      	BSF        STATUS, 5
0x02DE	0x00C8      	MOVWF      FARG_show_value
0x02DF	0x21C4      	CALL       _show
;transmitter.c,229 :: 		transmitSignal(encodeSignal(8));
0x02E0	0x3008      	MOVLW      8
0x02E1	0x1683      	BSF        STATUS, 5
0x02E2	0x00C8      	MOVWF      FARG_encodeSignal_rawSignal
0x02E3	0x3000      	MOVLW      0
0x02E4	0x00C9      	MOVWF      FARG_encodeSignal_rawSignal+1
0x02E5	0x2179      	CALL       _encodeSignal
0x02E6	0x0870      	MOVF       R0, 0
0x02E7	0x00C8      	MOVWF      FARG_transmitSignal_signal
0x02E8	0x0871      	MOVF       R0+1, 0
0x02E9	0x00C9      	MOVWF      FARG_transmitSignal_signal+1
0x02EA	0x2143      	CALL       _transmitSignal
;transmitter.c,230 :: 		}
L_scan46:
;transmitter.c,231 :: 		if(RB5_bit){
0x02EB	0x1E86      	BTFSS      RB5_bit, 5
0x02EC	0x2AFC      	GOTO       L_scan47
;transmitter.c,232 :: 		show("09");
0x02ED	0x3020      	MOVLW      ?lstr10_transmitter
0x02EE	0x1683      	BSF        STATUS, 5
0x02EF	0x00C8      	MOVWF      FARG_show_value
0x02F0	0x21C4      	CALL       _show
;transmitter.c,233 :: 		transmitSignal(encodeSignal(9));
0x02F1	0x3009      	MOVLW      9
0x02F2	0x1683      	BSF        STATUS, 5
0x02F3	0x00C8      	MOVWF      FARG_encodeSignal_rawSignal
0x02F4	0x3000      	MOVLW      0
0x02F5	0x00C9      	MOVWF      FARG_encodeSignal_rawSignal+1
0x02F6	0x2179      	CALL       _encodeSignal
0x02F7	0x0870      	MOVF       R0, 0
0x02F8	0x00C8      	MOVWF      FARG_transmitSignal_signal
0x02F9	0x0871      	MOVF       R0+1, 0
0x02FA	0x00C9      	MOVWF      FARG_transmitSignal_signal+1
0x02FB	0x2143      	CALL       _transmitSignal
;transmitter.c,234 :: 		}
L_scan47:
;transmitter.c,235 :: 		if(RB6_bit){
0x02FC	0x1F06      	BTFSS      RB6_bit, 6
0x02FD	0x2B0D      	GOTO       L_scan48
;transmitter.c,236 :: 		show("10");
0x02FE	0x3066      	MOVLW      ?lstr11_transmitter
0x02FF	0x1683      	BSF        STATUS, 5
0x0300	0x00C8      	MOVWF      FARG_show_value
0x0301	0x21C4      	CALL       _show
;transmitter.c,237 :: 		transmitSignal(encodeSignal(10));
0x0302	0x300A      	MOVLW      10
0x0303	0x1683      	BSF        STATUS, 5
0x0304	0x00C8      	MOVWF      FARG_encodeSignal_rawSignal
0x0305	0x3000      	MOVLW      0
0x0306	0x00C9      	MOVWF      FARG_encodeSignal_rawSignal+1
0x0307	0x2179      	CALL       _encodeSignal
0x0308	0x0870      	MOVF       R0, 0
0x0309	0x00C8      	MOVWF      FARG_transmitSignal_signal
0x030A	0x0871      	MOVF       R0+1, 0
0x030B	0x00C9      	MOVWF      FARG_transmitSignal_signal+1
0x030C	0x2143      	CALL       _transmitSignal
;transmitter.c,238 :: 		}
L_scan48:
;transmitter.c,239 :: 		if(RB7_bit){
0x030D	0x1F86      	BTFSS      RB7_bit, 7
0x030E	0x2B1E      	GOTO       L_scan49
;transmitter.c,240 :: 		show("11");
0x030F	0x3063      	MOVLW      ?lstr12_transmitter
0x0310	0x1683      	BSF        STATUS, 5
0x0311	0x00C8      	MOVWF      FARG_show_value
0x0312	0x21C4      	CALL       _show
;transmitter.c,241 :: 		transmitSignal(encodeSignal(11));
0x0313	0x300B      	MOVLW      11
0x0314	0x1683      	BSF        STATUS, 5
0x0315	0x00C8      	MOVWF      FARG_encodeSignal_rawSignal
0x0316	0x3000      	MOVLW      0
0x0317	0x00C9      	MOVWF      FARG_encodeSignal_rawSignal+1
0x0318	0x2179      	CALL       _encodeSignal
0x0319	0x0870      	MOVF       R0, 0
0x031A	0x00C8      	MOVWF      FARG_transmitSignal_signal
0x031B	0x0871      	MOVF       R0+1, 0
0x031C	0x00C9      	MOVWF      FARG_transmitSignal_signal+1
0x031D	0x2143      	CALL       _transmitSignal
;transmitter.c,242 :: 		}
L_scan49:
;transmitter.c,243 :: 		}
L_scan45:
;transmitter.c,245 :: 		if(RB3_bit){
0x031E	0x1D86      	BTFSS      RB3_bit, 3
0x031F	0x2B64      	GOTO       L_scan50
;transmitter.c,246 :: 		if(RB4_bit){
0x0320	0x1E06      	BTFSS      RB4_bit, 4
0x0321	0x2B31      	GOTO       L_scan51
;transmitter.c,247 :: 		show("12");
0x0322	0x305D      	MOVLW      ?lstr13_transmitter
0x0323	0x1683      	BSF        STATUS, 5
0x0324	0x00C8      	MOVWF      FARG_show_value
0x0325	0x21C4      	CALL       _show
;transmitter.c,248 :: 		transmitSignal(encodeSignal(12));
0x0326	0x300C      	MOVLW      12
0x0327	0x1683      	BSF        STATUS, 5
0x0328	0x00C8      	MOVWF      FARG_encodeSignal_rawSignal
0x0329	0x3000      	MOVLW      0
0x032A	0x00C9      	MOVWF      FARG_encodeSignal_rawSignal+1
0x032B	0x2179      	CALL       _encodeSignal
0x032C	0x0870      	MOVF       R0, 0
0x032D	0x00C8      	MOVWF      FARG_transmitSignal_signal
0x032E	0x0871      	MOVF       R0+1, 0
0x032F	0x00C9      	MOVWF      FARG_transmitSignal_signal+1
0x0330	0x2143      	CALL       _transmitSignal
;transmitter.c,249 :: 		}
L_scan51:
;transmitter.c,250 :: 		if(RB5_bit){
0x0331	0x1E86      	BTFSS      RB5_bit, 5
0x0332	0x2B42      	GOTO       L_scan52
;transmitter.c,251 :: 		show("13");
0x0333	0x3060      	MOVLW      ?lstr14_transmitter
0x0334	0x1683      	BSF        STATUS, 5
0x0335	0x00C8      	MOVWF      FARG_show_value
0x0336	0x21C4      	CALL       _show
;transmitter.c,252 :: 		transmitSignal(encodeSignal(13));
0x0337	0x300D      	MOVLW      13
0x0338	0x1683      	BSF        STATUS, 5
0x0339	0x00C8      	MOVWF      FARG_encodeSignal_rawSignal
0x033A	0x3000      	MOVLW      0
0x033B	0x00C9      	MOVWF      FARG_encodeSignal_rawSignal+1
0x033C	0x2179      	CALL       _encodeSignal
0x033D	0x0870      	MOVF       R0, 0
0x033E	0x00C8      	MOVWF      FARG_transmitSignal_signal
0x033F	0x0871      	MOVF       R0+1, 0
0x0340	0x00C9      	MOVWF      FARG_transmitSignal_signal+1
0x0341	0x2143      	CALL       _transmitSignal
;transmitter.c,253 :: 		}
L_scan52:
;transmitter.c,254 :: 		if(RB6_bit){
0x0342	0x1F06      	BTFSS      RB6_bit, 6
0x0343	0x2B53      	GOTO       L_scan53
;transmitter.c,255 :: 		show("14");
0x0344	0x3069      	MOVLW      ?lstr15_transmitter
0x0345	0x1683      	BSF        STATUS, 5
0x0346	0x00C8      	MOVWF      FARG_show_value
0x0347	0x21C4      	CALL       _show
;transmitter.c,256 :: 		transmitSignal(encodeSignal(14));
0x0348	0x300E      	MOVLW      14
0x0349	0x1683      	BSF        STATUS, 5
0x034A	0x00C8      	MOVWF      FARG_encodeSignal_rawSignal
0x034B	0x3000      	MOVLW      0
0x034C	0x00C9      	MOVWF      FARG_encodeSignal_rawSignal+1
0x034D	0x2179      	CALL       _encodeSignal
0x034E	0x0870      	MOVF       R0, 0
0x034F	0x00C8      	MOVWF      FARG_transmitSignal_signal
0x0350	0x0871      	MOVF       R0+1, 0
0x0351	0x00C9      	MOVWF      FARG_transmitSignal_signal+1
0x0352	0x2143      	CALL       _transmitSignal
;transmitter.c,257 :: 		}
L_scan53:
;transmitter.c,258 :: 		if(RB7_bit){
0x0353	0x1F86      	BTFSS      RB7_bit, 7
0x0354	0x2B64      	GOTO       L_scan54
;transmitter.c,259 :: 		show("15");
0x0355	0x306C      	MOVLW      ?lstr16_transmitter
0x0356	0x1683      	BSF        STATUS, 5
0x0357	0x00C8      	MOVWF      FARG_show_value
0x0358	0x21C4      	CALL       _show
;transmitter.c,260 :: 		transmitSignal(encodeSignal(15));
0x0359	0x300F      	MOVLW      15
0x035A	0x1683      	BSF        STATUS, 5
0x035B	0x00C8      	MOVWF      FARG_encodeSignal_rawSignal
0x035C	0x3000      	MOVLW      0
0x035D	0x00C9      	MOVWF      FARG_encodeSignal_rawSignal+1
0x035E	0x2179      	CALL       _encodeSignal
0x035F	0x0870      	MOVF       R0, 0
0x0360	0x00C8      	MOVWF      FARG_transmitSignal_signal
0x0361	0x0871      	MOVF       R0+1, 0
0x0362	0x00C9      	MOVWF      FARG_transmitSignal_signal+1
0x0363	0x2143      	CALL       _transmitSignal
;transmitter.c,261 :: 		}
L_scan54:
;transmitter.c,262 :: 		}
L_scan50:
;transmitter.c,263 :: 		delay_ms(20);
0x0364	0x3034      	MOVLW      52
0x0365	0x00FC      	MOVWF      R12
0x0366	0x30F1      	MOVLW      241
0x0367	0x00FD      	MOVWF      R13
L_scan55:
0x0368	0x0BFD      	DECFSZ     R13, 1
0x0369	0x2B68      	GOTO       L_scan55
0x036A	0x0BFC      	DECFSZ     R12, 1
0x036B	0x2B68      	GOTO       L_scan55
0x036C	0x0000      	NOP
0x036D	0x0000      	NOP
;transmitter.c,265 :: 		PORTB<<=1;
0x036E	0x0806      	MOVF       PORTB, 0
0x036F	0x00F0      	MOVWF      R0
0x0370	0x0DF0      	RLF        R0, 1
0x0371	0x1070      	BCF        R0, 0
0x0372	0x0870      	MOVF       R0, 0
0x0373	0x0086      	MOVWF      PORTB
;transmitter.c,187 :: 		for(i=0; i<4; i++){
0x0374	0x1683      	BSF        STATUS, 5
0x0375	0x0AC6      	INCF       scan_i_L0, 1
0x0376	0x1903      	BTFSC      STATUS, 2
0x0377	0x0AC7      	INCF       scan_i_L0+1, 1
;transmitter.c,266 :: 		}
0x0378	0x2A42      	GOTO       L_scan32
L_scan33:
;transmitter.c,267 :: 		}
L_end_scan:
0x0379	0x0008      	RETURN
; end of _scan
___CC2DW:
;__Lib_System.c,134 :: 		
;__Lib_System.c,137 :: 		
_CC2D_Loop1:
;__Lib_System.c,139 :: 		
0x037A	0x21E6      	CALL       _____DoICP
0x037B	0x118A      	BCF        PCLATH, 3
0x037C	0x120A      	BCF        PCLATH, 4
;__Lib_System.c,141 :: 		
0x037D	0x0080      	MOVWF      INDF
;__Lib_System.c,142 :: 		
0x037E	0x0A84      	INCF       FSR, 1
;__Lib_System.c,143 :: 		
0x037F	0x0AC0      	INCF       ___DoICPAddr, 1
;__Lib_System.c,145 :: 		
0x0380	0x1903      	BTFSC      STATUS, 2
;__Lib_System.c,146 :: 		
0x0381	0x0AC1      	INCF       ___DoICPAddr+1, 1
;__Lib_System.c,147 :: 		
0x0382	0x03F0      	DECF       R0, 1
;__Lib_System.c,149 :: 		
0x0383	0x1D03      	BTFSS      STATUS, 2
;__Lib_System.c,150 :: 		
0x0384	0x2B7A      	GOTO       _CC2D_Loop1
;__Lib_System.c,152 :: 		
L_end___CC2DW:
0x0385	0x0008      	RETURN
; end of ___CC2DW
_main:
0x0386	0x241A      	CALL       1050
;transmitter.c,168 :: 		void main() {
;transmitter.c,169 :: 		TRISB=0xF0;
0x0387	0x30F0      	MOVLW      240
0x0388	0x1683      	BSF        STATUS, 5
0x0389	0x1303      	BCF        STATUS, 6
0x038A	0x0086      	MOVWF      TRISB
;transmitter.c,170 :: 		TRISC=0x00;
0x038B	0x0187      	CLRF       TRISC
;transmitter.c,171 :: 		TRISD=0x10;
0x038C	0x3010      	MOVLW      16
0x038D	0x0088      	MOVWF      TRISD
;transmitter.c,172 :: 		PORTC=0x00;
0x038E	0x1283      	BCF        STATUS, 5
0x038F	0x0187      	CLRF       PORTC
;transmitter.c,173 :: 		PORTB=0x00;
0x0390	0x0186      	CLRF       PORTB
;transmitter.c,174 :: 		PORTD=0x00;
0x0391	0x0188      	CLRF       PORTD
;transmitter.c,175 :: 		Lcd_Init();
0x0392	0x21ED      	CALL       _Lcd_Init
;transmitter.c,176 :: 		Lcd_Cmd(_LCD_CURSOR_OFF);
0x0393	0x300C      	MOVLW      12
0x0394	0x1683      	BSF        STATUS, 5
0x0395	0x00D5      	MOVWF      FARG_Lcd_Cmd_out_char
0x0396	0x201A      	CALL       _Lcd_Cmd
;transmitter.c,177 :: 		initial();
0x0397	0x20D9      	CALL       _initial
;transmitter.c,178 :: 		delay_ms(20);
0x0398	0x3034      	MOVLW      52
0x0399	0x00FC      	MOVWF      R12
0x039A	0x30F1      	MOVLW      241
0x039B	0x00FD      	MOVWF      R13
L_main29:
0x039C	0x0BFD      	DECFSZ     R13, 1
0x039D	0x2B9C      	GOTO       L_main29
0x039E	0x0BFC      	DECFSZ     R12, 1
0x039F	0x2B9C      	GOTO       L_main29
0x03A0	0x0000      	NOP
0x03A1	0x0000      	NOP
;transmitter.c,179 :: 		while(1){
L_main30:
;transmitter.c,180 :: 		scan();
0x03A2	0x223B      	CALL       _scan
;transmitter.c,181 :: 		}
0x03A3	0x2BA2      	GOTO       L_main30
;transmitter.c,182 :: 		}
L_end_main:
0x03A4	0x2BA4      	GOTO       $+0
; end of _main
0x041A	0x3020      	MOVLW      32
0x041B	0x0084      	MOVWF      FSR
0x041C	0x304C      	MOVLW      76
0x041D	0x1283      	BCF        STATUS, 5
0x041E	0x1303      	BCF        STATUS, 6
0x041F	0x00F0      	MOVWF      R0
0x0420	0x30AA      	MOVLW      170
0x0421	0x1683      	BSF        STATUS, 5
0x0422	0x00C0      	MOVWF      ___DoICPAddr
0x0423	0x3003      	MOVLW      3
0x0424	0x00C1      	MOVWF      193
0x0425	0x237A      	CALL       890
0x0426	0x30A0      	MOVLW      160
0x0427	0x0084      	MOVWF      FSR
0x0428	0x3016      	MOVLW      22
0x0429	0x1303      	BCF        STATUS, 6
0x042A	0x00F0      	MOVWF      R0
0x042B	0x30F6      	MOVLW      246
0x042C	0x1683      	BSF        STATUS, 5
0x042D	0x00C0      	MOVWF      ___DoICPAddr
0x042E	0x3003      	MOVLW      3
0x042F	0x00C1      	MOVWF      193
0x0430	0x237A      	CALL       890
0x0431	0x306C      	MOVLW      108
0x0432	0x0084      	MOVWF      FSR
0x0433	0x3003      	MOVLW      3
0x0434	0x1303      	BCF        STATUS, 6
0x0435	0x00F0      	MOVWF      R0
0x0436	0x3016      	MOVLW      22
0x0437	0x1683      	BSF        STATUS, 5
0x0438	0x00C0      	MOVWF      ___DoICPAddr
0x0439	0x3004      	MOVLW      4
0x043A	0x00C1      	MOVWF      193
0x043B	0x237A      	CALL       890
0x043C	0x30B6      	MOVLW      182
0x043D	0x0084      	MOVWF      FSR
0x043E	0x300A      	MOVLW      10
0x043F	0x1303      	BCF        STATUS, 6
0x0440	0x00F0      	MOVWF      R0
0x0441	0x300C      	MOVLW      12
0x0442	0x1683      	BSF        STATUS, 5
0x0443	0x00C0      	MOVWF      ___DoICPAddr
0x0444	0x3004      	MOVLW      4
0x0445	0x00C1      	MOVWF      193
0x0446	0x237A      	CALL       890
0x0447	0x0008      	RETURN
;transmitter.c,0 :: ?ICS?lstr10_transmitter
0x03AA	0x3430 ;?ICS?lstr10_transmitter+0
0x03AB	0x3439 ;?ICS?lstr10_transmitter+1
0x03AC	0x3400 ;?ICS?lstr10_transmitter+2
; end of ?ICS?lstr10_transmitter
;transmitter.c,0 :: ?ICS?lstr8_transmitter
0x03AD	0x3430 ;?ICS?lstr8_transmitter+0
0x03AE	0x3437 ;?ICS?lstr8_transmitter+1
0x03AF	0x3400 ;?ICS?lstr8_transmitter+2
; end of ?ICS?lstr8_transmitter
;transmitter.c,0 :: ?ICS?lstr9_transmitter
0x03B0	0x3430 ;?ICS?lstr9_transmitter+0
0x03B1	0x3438 ;?ICS?lstr9_transmitter+1
0x03B2	0x3400 ;?ICS?lstr9_transmitter+2
; end of ?ICS?lstr9_transmitter
;transmitter.c,0 :: ?ICS?lstr7_transmitter
0x03B3	0x3430 ;?ICS?lstr7_transmitter+0
0x03B4	0x3436 ;?ICS?lstr7_transmitter+1
0x03B5	0x3400 ;?ICS?lstr7_transmitter+2
; end of ?ICS?lstr7_transmitter
;transmitter.c,0 :: ?ICS?lstr3_transmitter
0x03B6	0x3430 ;?ICS?lstr3_transmitter+0
0x03B7	0x3432 ;?ICS?lstr3_transmitter+1
0x03B8	0x3400 ;?ICS?lstr3_transmitter+2
; end of ?ICS?lstr3_transmitter
;transmitter.c,0 :: ?ICS?lstr1_transmitter
0x03B9	0x3430 ;?ICS?lstr1_transmitter+0
0x03BA	0x3430 ;?ICS?lstr1_transmitter+1
0x03BB	0x3400 ;?ICS?lstr1_transmitter+2
; end of ?ICS?lstr1_transmitter
;transmitter.c,0 :: ?ICS?lstr2_transmitter
0x03BC	0x3430 ;?ICS?lstr2_transmitter+0
0x03BD	0x3431 ;?ICS?lstr2_transmitter+1
0x03BE	0x3400 ;?ICS?lstr2_transmitter+2
; end of ?ICS?lstr2_transmitter
;transmitter.c,0 :: ?ICS?lstr4_transmitter
0x03BF	0x3430 ;?ICS?lstr4_transmitter+0
0x03C0	0x3433 ;?ICS?lstr4_transmitter+1
0x03C1	0x3400 ;?ICS?lstr4_transmitter+2
; end of ?ICS?lstr4_transmitter
;transmitter.c,0 :: ?ICS_msg4
0x03C2	0x3420 ;?ICS_msg4+0
0x03C3	0x3450 ;?ICS_msg4+1
0x03C4	0x3452 ;?ICS_msg4+2
0x03C5	0x3445 ;?ICS_msg4+3
0x03C6	0x3453 ;?ICS_msg4+4
0x03C7	0x3453 ;?ICS_msg4+5
0x03C8	0x3420 ;?ICS_msg4+6
0x03C9	0x3441 ;?ICS_msg4+7
0x03CA	0x344E ;?ICS_msg4+8
0x03CB	0x3459 ;?ICS_msg4+9
0x03CC	0x3420 ;?ICS_msg4+10
0x03CD	0x344B ;?ICS_msg4+11
0x03CE	0x3445 ;?ICS_msg4+12
0x03CF	0x3459 ;?ICS_msg4+13
0x03D0	0x3420 ;?ICS_msg4+14
0x03D1	0x3400 ;?ICS_msg4+15
; end of ?ICS_msg4
;transmitter.c,0 :: ?ICS?lstr6_transmitter
0x03D2	0x3430 ;?ICS?lstr6_transmitter+0
0x03D3	0x3435 ;?ICS?lstr6_transmitter+1
0x03D4	0x3400 ;?ICS?lstr6_transmitter+2
; end of ?ICS?lstr6_transmitter
;transmitter.c,0 :: ?ICS_msg5
0x03D5	0x3420 ;?ICS_msg5+0
0x03D6	0x3420 ;?ICS_msg5+1
0x03D7	0x3454 ;?ICS_msg5+2
0x03D8	0x344F ;?ICS_msg5+3
0x03D9	0x3420 ;?ICS_msg5+4
0x03DA	0x3454 ;?ICS_msg5+5
0x03DB	0x3452 ;?ICS_msg5+6
0x03DC	0x3441 ;?ICS_msg5+7
0x03DD	0x344E ;?ICS_msg5+8
0x03DE	0x3453 ;?ICS_msg5+9
0x03DF	0x344D ;?ICS_msg5+10
0x03E0	0x3449 ;?ICS_msg5+11
0x03E1	0x3454 ;?ICS_msg5+12
0x03E2	0x3420 ;?ICS_msg5+13
0x03E3	0x3400 ;?ICS_msg5+14
; end of ?ICS_msg5
;transmitter.c,0 :: ?ICS?lstr5_transmitter
0x03E4	0x3430 ;?ICS?lstr5_transmitter+0
0x03E5	0x3434 ;?ICS?lstr5_transmitter+1
0x03E6	0x3400 ;?ICS?lstr5_transmitter+2
; end of ?ICS?lstr5_transmitter
;transmitter.c,0 :: ?ICS?lstr13_transmitter
0x03E7	0x3431 ;?ICS?lstr13_transmitter+0
0x03E8	0x3432 ;?ICS?lstr13_transmitter+1
0x03E9	0x3400 ;?ICS?lstr13_transmitter+2
; end of ?ICS?lstr13_transmitter
;transmitter.c,0 :: ?ICS?lstr14_transmitter
0x03EA	0x3431 ;?ICS?lstr14_transmitter+0
0x03EB	0x3433 ;?ICS?lstr14_transmitter+1
0x03EC	0x3400 ;?ICS?lstr14_transmitter+2
; end of ?ICS?lstr14_transmitter
;transmitter.c,0 :: ?ICS?lstr12_transmitter
0x03ED	0x3431 ;?ICS?lstr12_transmitter+0
0x03EE	0x3431 ;?ICS?lstr12_transmitter+1
0x03EF	0x3400 ;?ICS?lstr12_transmitter+2
; end of ?ICS?lstr12_transmitter
;transmitter.c,0 :: ?ICS?lstr11_transmitter
0x03F0	0x3431 ;?ICS?lstr11_transmitter+0
0x03F1	0x3430 ;?ICS?lstr11_transmitter+1
0x03F2	0x3400 ;?ICS?lstr11_transmitter+2
; end of ?ICS?lstr11_transmitter
;transmitter.c,0 :: ?ICS?lstr15_transmitter
0x03F3	0x3431 ;?ICS?lstr15_transmitter+0
0x03F4	0x3434 ;?ICS?lstr15_transmitter+1
0x03F5	0x3400 ;?ICS?lstr15_transmitter+2
; end of ?ICS?lstr15_transmitter
;transmitter.c,0 :: ?ICS_msg2
0x03F6	0x3420 ;?ICS_msg2+0
0x03F7	0x3454 ;?ICS_msg2+1
0x03F8	0x3452 ;?ICS_msg2+2
0x03F9	0x3441 ;?ICS_msg2+3
0x03FA	0x344E ;?ICS_msg2+4
0x03FB	0x3453 ;?ICS_msg2+5
0x03FC	0x344D ;?ICS_msg2+6
0x03FD	0x3449 ;?ICS_msg2+7
0x03FE	0x3454 ;?ICS_msg2+8
0x03FF	0x3454 ;?ICS_msg2+9
0x0400	0x3449 ;?ICS_msg2+10
0x0401	0x344E ;?ICS_msg2+11
0x0402	0x3447 ;?ICS_msg2+12
0x0403	0x342E ;?ICS_msg2+13
0x0404	0x342E ;?ICS_msg2+14
0x0405	0x342E ;?ICS_msg2+15
0x0406	0x3400 ;?ICS_msg2+16
; end of ?ICS_msg2
;transmitter.c,0 :: ?ICS_msg3
0x0407	0x3420 ;?ICS_msg3+0
0x0408	0x3449 ;?ICS_msg3+1
0x0409	0x3453 ;?ICS_msg3+2
0x040A	0x3420 ;?ICS_msg3+3
0x040B	0x3400 ;?ICS_msg3+4
; end of ?ICS_msg3
;transmitter.c,0 :: ?ICS_msg1
0x040C	0x3420 ;?ICS_msg1+0
0x040D	0x3443 ;?ICS_msg1+1
0x040E	0x3448 ;?ICS_msg1+2
0x040F	0x3441 ;?ICS_msg1+3
0x0410	0x344E ;?ICS_msg1+4
0x0411	0x344E ;?ICS_msg1+5
0x0412	0x3445 ;?ICS_msg1+6
0x0413	0x344C ;?ICS_msg1+7
0x0414	0x3420 ;?ICS_msg1+8
0x0415	0x3400 ;?ICS_msg1+9
; end of ?ICS_msg1
;transmitter.c,0 :: ?ICS?lstr16_transmitter
0x0416	0x3431 ;?ICS?lstr16_transmitter+0
0x0417	0x3435 ;?ICS?lstr16_transmitter+1
0x0418	0x3400 ;?ICS?lstr16_transmitter+2
; end of ?ICS?lstr16_transmitter
Symbol List:
//** Routines locations **
//ADDRESS    SIZE    PROCEDURE
//----------------------------------------------
0x0003       [7]    _Delay_50us
0x000A      [13]    _Delay_5500us
0x0017       [3]    _Delay_1us
0x001A      [87]    _Lcd_Cmd
0x0071       [9]    _Lcd_Chr_CP
0x007A      [67]    _Lcd_Out
0x00BD      [28]    _delay500us
0x00D9      [22]    _initial
0x00EF      [26]    _preamble
0x0109      [29]    _delay3ms
0x0126      [29]    _bitRead
0x0143      [54]    _transmitSignal
0x0179      [75]    _encodeSignal
0x01C4      [34]    _show
0x01E6       [7]    _____DoICP
0x01ED      [78]    _Lcd_Init
0x023B     [319]    _scan
0x037A      [12]    ___CC2DW
0x0386      [30]    _main
//** Variables locations ** 
//ADDRESS    SIZE    VARIABLE
//----------------------------------------------
0x0000       [1]    INDF
0x0001       [1]    TMR0
0x0002       [1]    PCL
0x0003       [1]    STATUS
0x0004       [1]    FSR
0x0006       [0]    RB2_bit
0x0006       [0]    RB0_bit
0x0006       [0]    RB1_bit
0x0006       [0]    RB3_bit
0x0006       [0]    RB7_bit
0x0006       [1]    PORTB
0x0006       [0]    RB6_bit
0x0006       [0]    RB4_bit
0x0006       [0]    RB5_bit
0x0007       [0]    LCD_D7
0x0007       [0]    LCD_D6
0x0007       [1]    PORTC
0x0007       [0]    LCD_RS
0x0007       [0]    LCD_EN
0x0007       [0]    RC5_bit
0x0007       [0]    RC6_bit
0x0007       [0]    RC7_bit
0x0007       [0]    RC4_bit
0x0008       [0]    LCD_D4
0x0008       [1]    PORTD
0x0008       [0]    LCD_D5
0x0008       [0]    RD3_bit
0x0008       [0]    RD2_bit
0x000A       [1]    PCLATH
0x000B       [0]    TMR0IF_bit
0x000B       [1]    INTCON
0x000B       [0]    TMR0IE_bit
0x0020       [3]    ?lstr10_transmitter
0x0023       [3]    ?lstr8_transmitter
0x0026       [3]    ?lstr9_transmitter
0x0029       [3]    ?lstr7_transmitter
0x002C       [3]    ?lstr3_transmitter
0x002F       [3]    ?lstr1_transmitter
0x0032       [3]    ?lstr2_transmitter
0x0035       [3]    ?lstr4_transmitter
0x0038      [16]    _msg4
0x0048       [3]    ?lstr6_transmitter
0x004B      [15]    _msg5
0x005A       [3]    ?lstr5_transmitter
0x005D       [3]    ?lstr13_transmitter
0x0060       [3]    ?lstr14_transmitter
0x0063       [3]    ?lstr12_transmitter
0x0066       [3]    ?lstr11_transmitter
0x0069       [3]    ?lstr15_transmitter
0x006C       [3]    ?lstr16_transmitter
0x006F       [0]    __Lib_Lcd_cmd_status
0x0070       [1]    R0
0x0071       [1]    R1
0x0072       [1]    R2
0x0073       [1]    R3
0x0074       [1]    R4
0x0075       [1]    R5
0x0076       [1]    R6
0x0077       [1]    R7
0x0078       [1]    R8
0x0079       [1]    R9
0x007A       [1]    R10
0x007B       [1]    R11
0x007C       [1]    R12
0x007D       [1]    R13
0x007E       [1]    R14
0x007F       [1]    R15
0x0081       [1]    OPTION_REG
0x0086       [1]    TRISB
0x0087       [0]    TRISC6_bit
0x0087       [0]    TRISC7_bit
0x0087       [0]    TRISC5_bit
0x0087       [0]    LCD_RS_Direction
0x0087       [1]    TRISC
0x0087       [0]    LCD_EN_Direction
0x0087       [0]    LCD_D7_Direction
0x0087       [0]    LCD_D6_Direction
0x0087       [0]    TRISC4_bit
0x0088       [1]    TRISD
0x0088       [0]    TRISD3_bit
0x0088       [0]    LCD_D4_Direction
0x0088       [0]    LCD_D5_Direction
0x0088       [0]    TRISD2_bit
0x00A0      [17]    _msg2
0x00B1       [5]    _msg3
0x00B6      [10]    _msg1
0x00C0       [2]    ___DoICPAddr
0x00C2       [2]    _counter
0x00C4       [2]    _bitManipulate
0x00C6       [2]    scan_i_L0
0x00C8       [2]    FARG_transmitSignal_signal
0x00C8       [2]    FARG_encodeSignal_rawSignal
0x00C8       [1]    FARG_show_value
0x00CA       [2]    encodeSignal_encodedSignal_L0
0x00CA       [2]    transmitSignal_j_L0
0x00CC       [2]    preamble_i_L0
0x00CC       [2]    FARG_bitRead_signal
0x00CE       [2]    FARG_bitRead_bitPosition
0x00D0       [1]    FARG_Lcd_Out_row
0x00D1       [1]    FARG_Lcd_Out_column
0x00D2       [1]    FARG_Lcd_Out_text
0x00D3       [1]    Lcd_Out_i_L0
0x00D4       [1]    FARG_Lcd_Chr_CP_out_char
0x00D5       [1]    FARG_Lcd_Cmd_out_char
//** Constants locations ** 
//ADDRESS    SIZE    CONSTANT
//----------------------------------------------
0x03AA       [3]    ?ICS?lstr10_transmitter
0x03AD       [3]    ?ICS?lstr8_transmitter
0x03B0       [3]    ?ICS?lstr9_transmitter
0x03B3       [3]    ?ICS?lstr7_transmitter
0x03B6       [3]    ?ICS?lstr3_transmitter
0x03B9       [3]    ?ICS?lstr1_transmitter
0x03BC       [3]    ?ICS?lstr2_transmitter
0x03BF       [3]    ?ICS?lstr4_transmitter
0x03C2      [16]    ?ICS_msg4
0x03D2       [3]    ?ICS?lstr6_transmitter
0x03D5      [15]    ?ICS_msg5
0x03E4       [3]    ?ICS?lstr5_transmitter
0x03E7       [3]    ?ICS?lstr13_transmitter
0x03EA       [3]    ?ICS?lstr14_transmitter
0x03ED       [3]    ?ICS?lstr12_transmitter
0x03F0       [3]    ?ICS?lstr11_transmitter
0x03F3       [3]    ?ICS?lstr15_transmitter
0x03F6      [17]    ?ICS_msg2
0x0407       [5]    ?ICS_msg3
0x040C      [10]    ?ICS_msg1
0x0416       [3]    ?ICS?lstr16_transmitter
//** Label List: ** 
//----------------------------------------------
  L_delay725us0
  L_delay725us1
  L_delay725us2
  L_delay725us3
  L_delay20us4
  L_delay20us5
  L_delay20us6
  L_delay20us7
  L_delay3ms8
  L_delay3ms9
  L_delay3ms10
  L_delay3ms11
  L_delay500us12
  L_delay500us13
  L_delay500us14
  L_delay500us15
  L_preamble16
  L_preamble17
  L_preamble18
  L_transmitSignal19
  L_transmitSignal20
  L_transmitSignal21
  L_transmitSignal22
  L_transmitSignal23
  L_encodeSignal24
  L_encodeSignal25
  L_encodeSignal26
  L_encodeSignal27
  L_encodeSignal28
  L_main29
  L_main30
  L_main31
  L_scan32
  L_scan33
  L_scan34
  L_scan35
  L_scan36
  L_scan37
  L_scan38
  L_scan39
  L_scan40
  L_scan41
  L_scan42
  L_scan43
  L_scan44
  L_scan45
  L_scan46
  L_scan47
  L_scan48
  L_scan49
  L_scan50
  L_scan51
  L_scan52
  L_scan53
  L_scan54
  L_scan55
  L_end_delay725us
  _delay725us
  L__delay725us57
  L_end_delay20us
  _delay20us
  L__delay20us59
  L_end_initial
  _initial
  L_end_show
  _show
  L_end_bitRead
  _bitRead
  L__bitRead63
  L__bitRead64
  L_end_delay3ms
  _delay3ms
  L__delay3ms66
  L_end_delay500us
  _delay500us
  L__delay500us68
  L_end_preamble
  _preamble
  L__preamble70
  L_end_transmitSignal
  _transmitSignal
  L__transmitSignal72
  L__transmitSignal73
  L_end_encodeSignal
  _encodeSignal
  L__encodeSignal75
  L__encodeSignal76
  L_end_main
  _main
  L_end_scan
  _scan
  L__scan79
  L_Delay_10us0
  L_Delay_22us1
  L_Delay_50us2
  L_Delay_80us3
  L_Delay_500us4
  L_Delay_5500us5
  L_Delay_1ms6
  L_Delay_5ms7
  L_Delay_8ms8
  L_Delay_10ms9
  L_Delay_100ms10
  L_Delay_1sec11
  L_boot16_Delay_5ms12
  L_Delay_Cyc13
  L_Delay_Cyc14
  L_VDelay_ms15
  L_VDelay_ms16
  L_VDelay_ms17
  L_VDelay_Advanced_ms18
  L_VDelay_Advanced_ms19
  L_VDelay_Advanced_ms20
  L_end_Get_Fosc_kHz
  _Get_Fosc_kHz
  L_end_Delay_1us
  _Delay_1us
  L_end_Delay_10us
  _Delay_10us
  L_end_Delay_22us
  _Delay_22us
  L_end_Delay_50us
  _Delay_50us
  L_end_Delay_80us
  _Delay_80us
  L_end_Delay_500us
  _Delay_500us
  L_end_Delay_5500us
  _Delay_5500us
  L_end_Delay_1ms
  _Delay_1ms
  L_end_Delay_5ms
  _Delay_5ms
  L_end_Delay_8ms
  _Delay_8ms
  L_end_Delay_10ms
  _Delay_10ms
  L_end_Delay_100ms
  _Delay_100ms
  L_end_Delay_1sec
  _Delay_1sec
  L_end_boot16_Delay_5ms
  _boot16_Delay_5ms
  L_end_Delay_Cyc
  _Delay_Cyc
  L_end_VDelay_ms
  _VDelay_ms
  L__VDelay_ms38
  L__VDelay_ms39
  L__VDelay_ms40
  L_end_VDelay_Advanced_ms
  _VDelay_Advanced_ms
  L__VDelay_Advanced_ms42
  L__VDelay_Advanced_ms43
  L__VDelay_Advanced_ms44
  L_Lcd_Cmd0
  L_Lcd_Cmd1
  L_Lcd_Out_CP2
  L_Lcd_Out_CP3
  L_Lcd_Chr4
  L_Lcd_Chr5
  L_Lcd_Chr6
  L_Lcd_Chr7
  L_Lcd_Chr8
  L_Lcd_Chr9
  L_Lcd_Chr10
  L_Lcd_Out11
  L_Lcd_Out12
  L_Lcd_Out13
  L_Lcd_Out14
  L_Lcd_Out15
  L_Lcd_Out16
  L_Lcd_Out17
  L_Lcd_Out18
  L_Lcd_Out19
  L_end_Lcd_Cmd
  _Lcd_Cmd
  L__Lcd_Cmd21
  L__Lcd_Cmd22
  L__Lcd_Cmd23
  L__Lcd_Cmd24
  L__Lcd_Cmd25
  L__Lcd_Cmd26
  L__Lcd_Cmd27
  L__Lcd_Cmd28
  L__Lcd_Cmd29
  L__Lcd_Cmd30
  L__Lcd_Cmd31
  L__Lcd_Cmd32
  L__Lcd_Cmd33
  L__Lcd_Cmd34
  L__Lcd_Cmd35
  L__Lcd_Cmd36
  L__Lcd_Cmd37
  L__Lcd_Cmd38
  L__Lcd_Cmd39
  L__Lcd_Cmd40
  L_end_Lcd_Chr_CP
  _Lcd_Chr_CP
  L_end_Lcd_Out_CP
  _Lcd_Out_CP
  L_end_Lcd_Chr
  _Lcd_Chr
  L_end_Lcd_Init
  _Lcd_Init
  L_end_Lcd_Out
  _Lcd_Out
  L_loopCA2AWs
  L_CA2AWend
  _CCA2AW_Loop1
  L_loopCS2Ss
  L_CS2Send
  _CCS2S_Loop1
  L_CCS2Send
  L_loopFZinSWs
  L_FZinSend
  _CC2D_Loop1
  L_end_____DoICP
  _____DoICP
  L_end_____DoIFC
  _____DoIFC
  L_end___CA2AW
  ___CA2AW
  L_end___CCA2AW
  ___CCA2AW
  L_end___CS2S
  ___CS2S
  L_end___CCS2S
  ___CCS2S
  L_end___FZinS
  ___FZinS
  L_end___CC2DW
  ___CC2DW
  L_end_Swap
  _Swap
